mode: set
github.com/QuantumNous/new-api/service/audio.go:9.82,11.16 2 0
github.com/QuantumNous/new-api/service/audio.go:11.16,13.3 1 0
github.com/QuantumNous/new-api/service/audio.go:15.2,18.16 3 0
github.com/QuantumNous/new-api/service/audio.go:19.15,21.21 2 0
github.com/QuantumNous/new-api/service/audio.go:22.32,24.20 2 0
github.com/QuantumNous/new-api/service/audio.go:25.10,27.20 2 0
github.com/QuantumNous/new-api/service/audio.go:30.2,31.22 2 0
github.com/QuantumNous/new-api/service/audio.go:34.64,37.15 2 0
github.com/QuantumNous/new-api/service/audio.go:37.15,39.3 1 0
github.com/QuantumNous/new-api/service/audio.go:42.2,43.16 2 0
github.com/QuantumNous/new-api/service/audio.go:43.16,45.3 1 0
github.com/QuantumNous/new-api/service/audio.go:47.2,47.25 1 0
github.com/QuantumNous/new-api/service/billing.go:19.115,21.19 2 0
github.com/QuantumNous/new-api/service/billing.go:21.19,23.3 1 0
github.com/QuantumNous/new-api/service/billing.go:24.2,25.12 2 0
github.com/QuantumNous/new-api/service/billing.go:34.95,35.30 1 0
github.com/QuantumNous/new-api/service/billing.go:35.30,39.16 3 0
github.com/QuantumNous/new-api/service/billing.go:39.16,45.4 1 0
github.com/QuantumNous/new-api/service/billing.go:45.9,45.23 1 0
github.com/QuantumNous/new-api/service/billing.go:45.23,51.4 1 0
github.com/QuantumNous/new-api/service/billing.go:51.9,55.4 1 0
github.com/QuantumNous/new-api/service/billing.go:57.3,57.63 1 0
github.com/QuantumNous/new-api/service/billing.go:57.63,59.4 1 0
github.com/QuantumNous/new-api/service/billing.go:62.3,62.23 1 0
github.com/QuantumNous/new-api/service/billing.go:62.23,63.60 1 0
github.com/QuantumNous/new-api/service/billing.go:63.60,65.5 1 0
github.com/QuantumNous/new-api/service/billing.go:65.10,67.5 1 0
github.com/QuantumNous/new-api/service/billing.go:69.3,69.13 1 0
github.com/QuantumNous/new-api/service/billing.go:73.2,74.21 2 0
github.com/QuantumNous/new-api/service/billing.go:74.21,76.3 1 0
github.com/QuantumNous/new-api/service/billing.go:77.2,77.12 1 0
github.com/QuantumNous/new-api/service/billing_session.go:41.56,44.15 3 0
github.com/QuantumNous/new-api/service/billing_session.go:44.15,46.3 1 0
github.com/QuantumNous/new-api/service/billing_session.go:47.2,48.16 2 0
github.com/QuantumNous/new-api/service/billing_session.go:48.16,51.3 2 0
github.com/QuantumNous/new-api/service/billing_session.go:53.2,53.23 1 0
github.com/QuantumNous/new-api/service/billing_session.go:53.23,54.49 1 0
github.com/QuantumNous/new-api/service/billing_session.go:54.49,56.4 1 0
github.com/QuantumNous/new-api/service/billing_session.go:57.3,57.26 1 0
github.com/QuantumNous/new-api/service/billing_session.go:60.2,61.31 2 0
github.com/QuantumNous/new-api/service/billing_session.go:61.31,62.16 1 0
github.com/QuantumNous/new-api/service/billing_session.go:62.16,64.4 1 0
github.com/QuantumNous/new-api/service/billing_session.go:64.9,66.4 1 0
github.com/QuantumNous/new-api/service/billing_session.go:67.3,67.22 1 0
github.com/QuantumNous/new-api/service/billing_session.go:67.22,71.4 1 0
github.com/QuantumNous/new-api/service/billing_session.go:74.2,74.53 1 0
github.com/QuantumNous/new-api/service/billing_session.go:74.53,76.3 1 0
github.com/QuantumNous/new-api/service/billing_session.go:77.2,78.17 2 0
github.com/QuantumNous/new-api/service/billing_session.go:82.49,84.55 2 0
github.com/QuantumNous/new-api/service/billing_session.go:84.55,87.3 2 0
github.com/QuantumNous/new-api/service/billing_session.go:88.2,106.19 11 0
github.com/QuantumNous/new-api/service/billing_session.go:106.19,108.42 1 0
github.com/QuantumNous/new-api/service/billing_session.go:108.42,110.4 1 0
github.com/QuantumNous/new-api/service/billing_session.go:111.3,111.95 1 0
github.com/QuantumNous/new-api/service/billing_session.go:111.95,112.104 1 0
github.com/QuantumNous/new-api/service/billing_session.go:112.104,114.5 1 0
github.com/QuantumNous/new-api/service/billing_session.go:117.3,117.41 1 0
github.com/QuantumNous/new-api/service/billing_session.go:117.41,118.85 1 0
github.com/QuantumNous/new-api/service/billing_session.go:118.85,120.5 1 0
github.com/QuantumNous/new-api/service/billing_session.go:126.45,130.2 3 0
github.com/QuantumNous/new-api/service/billing_session.go:132.51,133.49 1 0
github.com/QuantumNous/new-api/service/billing_session.go:133.49,136.3 1 0
github.com/QuantumNous/new-api/service/billing_session.go:137.2,137.25 1 0
github.com/QuantumNous/new-api/service/billing_session.go:137.25,139.3 1 0
github.com/QuantumNous/new-api/service/billing_session.go:141.2,141.76 1 0
github.com/QuantumNous/new-api/service/billing_session.go:141.76,143.3 1 0
github.com/QuantumNous/new-api/service/billing_session.go:144.2,144.14 1 0
github.com/QuantumNous/new-api/service/billing_session.go:148.52,150.2 1 0
github.com/QuantumNous/new-api/service/billing_session.go:152.57,156.79 3 0
github.com/QuantumNous/new-api/service/billing_session.go:156.79,158.3 1 0
github.com/QuantumNous/new-api/service/billing_session.go:160.2,161.16 2 0
github.com/QuantumNous/new-api/service/billing_session.go:161.16,163.3 1 0
github.com/QuantumNous/new-api/service/billing_session.go:165.2,165.48 1 0
github.com/QuantumNous/new-api/service/billing_session.go:165.48,167.3 1 0
github.com/QuantumNous/new-api/service/billing_session.go:168.2,168.46 1 0
github.com/QuantumNous/new-api/service/billing_session.go:168.46,171.3 2 0
github.com/QuantumNous/new-api/service/billing_session.go:173.2,177.12 5 0
github.com/QuantumNous/new-api/service/billing_session.go:186.83,190.22 2 0
github.com/QuantumNous/new-api/service/billing_session.go:190.22,194.3 3 0
github.com/QuantumNous/new-api/service/billing_session.go:194.8,194.31 1 0
github.com/QuantumNous/new-api/service/billing_session.go:194.31,196.3 1 0
github.com/QuantumNous/new-api/service/billing_session.go:199.2,199.24 1 0
github.com/QuantumNous/new-api/service/billing_session.go:199.24,200.75 1 0
github.com/QuantumNous/new-api/service/billing_session.go:200.75,202.4 1 0
github.com/QuantumNous/new-api/service/billing_session.go:203.3,203.35 1 0
github.com/QuantumNous/new-api/service/billing_session.go:207.2,207.61 1 0
github.com/QuantumNous/new-api/service/billing_session.go:207.61,209.55 1 0
github.com/QuantumNous/new-api/service/billing_session.go:209.55,210.127 1 0
github.com/QuantumNous/new-api/service/billing_session.go:210.127,213.5 1 0
github.com/QuantumNous/new-api/service/billing_session.go:214.4,214.23 1 0
github.com/QuantumNous/new-api/service/billing_session.go:217.3,218.120 2 0
github.com/QuantumNous/new-api/service/billing_session.go:218.120,220.4 1 0
github.com/QuantumNous/new-api/service/billing_session.go:221.3,221.93 1 0
github.com/QuantumNous/new-api/service/billing_session.go:224.2,229.12 3 0
github.com/QuantumNous/new-api/service/billing_session.go:232.58,233.37 1 0
github.com/QuantumNous/new-api/service/billing_session.go:234.22,235.79 1 0
github.com/QuantumNous/new-api/service/billing_session.go:235.79,237.4 1 0
github.com/QuantumNous/new-api/service/billing_session.go:238.3,239.13 2 0
github.com/QuantumNous/new-api/service/billing_session.go:240.28,241.102 1 0
github.com/QuantumNous/new-api/service/billing_session.go:241.102,249.4 1 0
github.com/QuantumNous/new-api/service/billing_session.go:250.3,250.13 1 0
github.com/QuantumNous/new-api/service/billing_session.go:251.10,252.154 1 0
github.com/QuantumNous/new-api/service/billing_session.go:256.60,257.37 1 0
github.com/QuantumNous/new-api/service/billing_session.go:258.22,259.79 1 0
github.com/QuantumNous/new-api/service/billing_session.go:259.79,261.4 1 0
github.com/QuantumNous/new-api/service/billing_session.go:261.9,263.4 1 0
github.com/QuantumNous/new-api/service/billing_session.go:264.28,265.103 1 0
github.com/QuantumNous/new-api/service/billing_session.go:265.103,267.4 1 0
github.com/QuantumNous/new-api/service/billing_session.go:271.56,272.44 1 0
github.com/QuantumNous/new-api/service/billing_session.go:272.44,274.3 1 0
github.com/QuantumNous/new-api/service/billing_session.go:275.2,275.65 1 0
github.com/QuantumNous/new-api/service/billing_session.go:275.65,277.3 1 0
github.com/QuantumNous/new-api/service/billing_session.go:278.2,278.12 1 0
github.com/QuantumNous/new-api/service/billing_session.go:282.59,284.33 1 0
github.com/QuantumNous/new-api/service/billing_session.go:284.33,286.3 1 0
github.com/QuantumNous/new-api/service/billing_session.go:288.2,289.21 2 0
github.com/QuantumNous/new-api/service/billing_session.go:289.21,291.3 1 0
github.com/QuantumNous/new-api/service/billing_session.go:294.2,295.19 2 0
github.com/QuantumNous/new-api/service/billing_session.go:295.19,298.3 2 0
github.com/QuantumNous/new-api/service/billing_session.go:299.2,299.19 1 0
github.com/QuantumNous/new-api/service/billing_session.go:299.19,301.3 1 0
github.com/QuantumNous/new-api/service/billing_session.go:303.2,303.28 1 0
github.com/QuantumNous/new-api/service/billing_session.go:304.27,305.44 1 0
github.com/QuantumNous/new-api/service/billing_session.go:306.33,311.15 1 0
github.com/QuantumNous/new-api/service/billing_session.go:312.10,313.15 1 0
github.com/QuantumNous/new-api/service/billing_session.go:318.42,323.53 4 0
github.com/QuantumNous/new-api/service/billing_session.go:323.53,331.3 7 0
github.com/QuantumNous/new-api/service/billing_session.go:331.8,334.3 2 0
github.com/QuantumNous/new-api/service/billing_session.go:342.134,343.22 1 0
github.com/QuantumNous/new-api/service/billing_session.go:343.22,345.3 1 0
github.com/QuantumNous/new-api/service/billing_session.go:347.2,350.60 2 0
github.com/QuantumNous/new-api/service/billing_session.go:350.60,352.17 2 0
github.com/QuantumNous/new-api/service/billing_session.go:352.17,354.4 1 0
github.com/QuantumNous/new-api/service/billing_session.go:355.3,355.21 1 0
github.com/QuantumNous/new-api/service/billing_session.go:355.21,360.4 1 0
github.com/QuantumNous/new-api/service/billing_session.go:361.3,361.37 1 0
github.com/QuantumNous/new-api/service/billing_session.go:361.37,366.4 1 0
github.com/QuantumNous/new-api/service/billing_session.go:367.3,373.71 3 0
github.com/QuantumNous/new-api/service/billing_session.go:373.71,375.4 1 0
github.com/QuantumNous/new-api/service/billing_session.go:376.3,376.22 1 0
github.com/QuantumNous/new-api/service/billing_session.go:379.2,379.66 1 0
github.com/QuantumNous/new-api/service/billing_session.go:379.66,381.22 2 0
github.com/QuantumNous/new-api/service/billing_session.go:381.22,383.4 1 0
github.com/QuantumNous/new-api/service/billing_session.go:384.3,395.70 2 0
github.com/QuantumNous/new-api/service/billing_session.go:395.70,397.4 1 0
github.com/QuantumNous/new-api/service/billing_session.go:398.3,398.22 1 0
github.com/QuantumNous/new-api/service/billing_session.go:401.2,401.14 1 0
github.com/QuantumNous/new-api/service/billing_session.go:402.27,403.27 1 0
github.com/QuantumNous/new-api/service/billing_session.go:404.21,405.21 1 0
github.com/QuantumNous/new-api/service/billing_session.go:406.22,408.17 2 0
github.com/QuantumNous/new-api/service/billing_session.go:408.17,409.66 1 0
github.com/QuantumNous/new-api/service/billing_session.go:409.66,411.5 1 0
github.com/QuantumNous/new-api/service/billing_session.go:412.4,412.19 1 0
github.com/QuantumNous/new-api/service/billing_session.go:414.3,414.22 1 0
github.com/QuantumNous/new-api/service/billing_session.go:415.28,416.14 1 0
github.com/QuantumNous/new-api/service/billing_session.go:417.10,419.25 2 0
github.com/QuantumNous/new-api/service/billing_session.go:419.25,421.4 1 0
github.com/QuantumNous/new-api/service/billing_session.go:422.3,422.14 1 0
github.com/QuantumNous/new-api/service/billing_session.go:422.14,424.4 1 0
github.com/QuantumNous/new-api/service/billing_session.go:425.3,426.20 2 0
github.com/QuantumNous/new-api/service/billing_session.go:426.20,427.69 1 0
github.com/QuantumNous/new-api/service/billing_session.go:427.69,429.5 1 0
github.com/QuantumNous/new-api/service/billing_session.go:430.4,430.22 1 0
github.com/QuantumNous/new-api/service/billing_session.go:432.3,432.22 1 0
github.com/QuantumNous/new-api/service/channel.go:14.57,16.2 1 0
github.com/QuantumNous/new-api/service/channel.go:19.69,23.27 2 0
github.com/QuantumNous/new-api/service/channel.go:23.27,26.3 2 0
github.com/QuantumNous/new-api/service/channel.go:28.2,29.13 2 0
github.com/QuantumNous/new-api/service/channel.go:29.13,33.3 3 0
github.com/QuantumNous/new-api/service/channel.go:36.72,38.13 2 0
github.com/QuantumNous/new-api/service/channel.go:38.13,42.3 3 0
github.com/QuantumNous/new-api/service/channel.go:45.56,46.44 1 0
github.com/QuantumNous/new-api/service/channel.go:46.44,48.3 1 0
github.com/QuantumNous/new-api/service/channel.go:49.2,49.16 1 0
github.com/QuantumNous/new-api/service/channel.go:49.16,51.3 1 0
github.com/QuantumNous/new-api/service/channel.go:52.2,52.31 1 0
github.com/QuantumNous/new-api/service/channel.go:52.31,54.3 1 0
github.com/QuantumNous/new-api/service/channel.go:55.2,55.33 1 0
github.com/QuantumNous/new-api/service/channel.go:55.33,57.3 1 0
github.com/QuantumNous/new-api/service/channel.go:58.2,58.65 1 0
github.com/QuantumNous/new-api/service/channel.go:58.65,60.3 1 0
github.com/QuantumNous/new-api/service/channel.go:62.2,64.15 3 0
github.com/QuantumNous/new-api/service/channel.go:67.75,68.43 1 0
github.com/QuantumNous/new-api/service/channel.go:68.43,70.3 1 0
github.com/QuantumNous/new-api/service/channel.go:71.2,71.24 1 0
github.com/QuantumNous/new-api/service/channel.go:71.24,73.3 1 0
github.com/QuantumNous/new-api/service/channel.go:74.2,74.48 1 0
github.com/QuantumNous/new-api/service/channel.go:74.48,76.3 1 0
github.com/QuantumNous/new-api/service/channel.go:77.2,77.13 1 0
github.com/QuantumNous/new-api/service/channel_affinity.go:81.57,82.37 1 0
github.com/QuantumNous/new-api/service/channel_affinity.go:82.37,85.20 3 0
github.com/QuantumNous/new-api/service/channel_affinity.go:85.20,87.4 1 0
github.com/QuantumNous/new-api/service/channel_affinity.go:88.3,89.29 2 0
github.com/QuantumNous/new-api/service/channel_affinity.go:89.29,91.4 1 0
github.com/QuantumNous/new-api/service/channel_affinity.go:93.3,96.30 1 0
github.com/QuantumNous/new-api/service/channel_affinity.go:96.30,98.5 1 0
github.com/QuantumNous/new-api/service/channel_affinity.go:100.46,105.5 1 0
github.com/QuantumNous/new-api/service/channel_affinity.go:108.2,108.29 1 0
github.com/QuantumNous/new-api/service/channel_affinity.go:111.63,113.20 2 0
github.com/QuantumNous/new-api/service/channel_affinity.go:113.20,120.3 1 0
github.com/QuantumNous/new-api/service/channel_affinity.go:122.2,128.26 6 0
github.com/QuantumNous/new-api/service/channel_affinity.go:128.26,130.17 2 0
github.com/QuantumNous/new-api/service/channel_affinity.go:130.17,131.12 1 0
github.com/QuantumNous/new-api/service/channel_affinity.go:133.3,133.25 1 0
github.com/QuantumNous/new-api/service/channel_affinity.go:133.25,134.12 1 0
github.com/QuantumNous/new-api/service/channel_affinity.go:136.3,136.23 1 0
github.com/QuantumNous/new-api/service/channel_affinity.go:139.2,140.31 2 0
github.com/QuantumNous/new-api/service/channel_affinity.go:140.31,142.3 1 0
github.com/QuantumNous/new-api/service/channel_affinity.go:144.2,145.16 2 0
github.com/QuantumNous/new-api/service/channel_affinity.go:145.16,148.3 2 0
github.com/QuantumNous/new-api/service/channel_affinity.go:149.2,151.25 3 0
github.com/QuantumNous/new-api/service/channel_affinity.go:151.25,153.36 2 0
github.com/QuantumNous/new-api/service/channel_affinity.go:153.36,155.12 2 0
github.com/QuantumNous/new-api/service/channel_affinity.go:157.3,159.21 3 0
github.com/QuantumNous/new-api/service/channel_affinity.go:159.21,161.12 2 0
github.com/QuantumNous/new-api/service/channel_affinity.go:163.3,165.10 3 0
github.com/QuantumNous/new-api/service/channel_affinity.go:165.10,167.12 2 0
github.com/QuantumNous/new-api/service/channel_affinity.go:169.3,169.28 1 0
github.com/QuantumNous/new-api/service/channel_affinity.go:169.28,170.22 1 0
github.com/QuantumNous/new-api/service/channel_affinity.go:170.22,172.13 2 0
github.com/QuantumNous/new-api/service/channel_affinity.go:175.3,175.29 1 0
github.com/QuantumNous/new-api/service/channel_affinity.go:175.29,177.29 2 0
github.com/QuantumNous/new-api/service/channel_affinity.go:177.29,179.5 1 0
github.com/QuantumNous/new-api/service/channel_affinity.go:180.4,180.29 1 0
github.com/QuantumNous/new-api/service/channel_affinity.go:180.29,182.13 2 0
github.com/QuantumNous/new-api/service/channel_affinity.go:185.3,185.25 1 0
github.com/QuantumNous/new-api/service/channel_affinity.go:188.2,195.3 1 0
github.com/QuantumNous/new-api/service/channel_affinity.go:198.41,201.16 3 0
github.com/QuantumNous/new-api/service/channel_affinity.go:201.16,204.3 2 0
github.com/QuantumNous/new-api/service/channel_affinity.go:205.2,205.19 1 0
github.com/QuantumNous/new-api/service/channel_affinity.go:205.19,206.51 1 0
github.com/QuantumNous/new-api/service/channel_affinity.go:206.51,208.4 1 0
github.com/QuantumNous/new-api/service/channel_affinity.go:210.2,210.18 1 0
github.com/QuantumNous/new-api/service/channel_affinity.go:213.72,215.20 2 0
github.com/QuantumNous/new-api/service/channel_affinity.go:215.20,217.3 1 0
github.com/QuantumNous/new-api/service/channel_affinity.go:219.2,220.20 2 0
github.com/QuantumNous/new-api/service/channel_affinity.go:220.20,222.3 1 0
github.com/QuantumNous/new-api/service/channel_affinity.go:224.2,225.31 2 0
github.com/QuantumNous/new-api/service/channel_affinity.go:225.31,227.44 2 0
github.com/QuantumNous/new-api/service/channel_affinity.go:227.44,228.12 1 0
github.com/QuantumNous/new-api/service/channel_affinity.go:230.3,231.8 2 0
github.com/QuantumNous/new-api/service/channel_affinity.go:233.2,233.24 1 0
github.com/QuantumNous/new-api/service/channel_affinity.go:233.24,235.3 1 0
github.com/QuantumNous/new-api/service/channel_affinity.go:236.2,236.34 1 0
github.com/QuantumNous/new-api/service/channel_affinity.go:236.34,238.3 1 0
github.com/QuantumNous/new-api/service/channel_affinity.go:240.2,242.16 3 0
github.com/QuantumNous/new-api/service/channel_affinity.go:242.16,244.3 1 0
github.com/QuantumNous/new-api/service/channel_affinity.go:245.2,245.21 1 0
github.com/QuantumNous/new-api/service/channel_affinity.go:248.60,249.35 1 0
github.com/QuantumNous/new-api/service/channel_affinity.go:249.35,251.3 1 0
github.com/QuantumNous/new-api/service/channel_affinity.go:252.2,252.35 1 0
github.com/QuantumNous/new-api/service/channel_affinity.go:252.35,253.20 1 0
github.com/QuantumNous/new-api/service/channel_affinity.go:253.20,254.12 1 0
github.com/QuantumNous/new-api/service/channel_affinity.go:256.3,257.10 2 0
github.com/QuantumNous/new-api/service/channel_affinity.go:257.10,259.18 2 0
github.com/QuantumNous/new-api/service/channel_affinity.go:259.18,260.13 1 0
github.com/QuantumNous/new-api/service/channel_affinity.go:262.4,263.48 2 0
github.com/QuantumNous/new-api/service/channel_affinity.go:265.3,265.41 1 0
github.com/QuantumNous/new-api/service/channel_affinity.go:265.41,267.4 1 0
github.com/QuantumNous/new-api/service/channel_affinity.go:269.2,269.14 1 0
github.com/QuantumNous/new-api/service/channel_affinity.go:272.60,273.35 1 0
github.com/QuantumNous/new-api/service/channel_affinity.go:273.35,275.3 1 0
github.com/QuantumNous/new-api/service/channel_affinity.go:276.2,277.29 2 0
github.com/QuantumNous/new-api/service/channel_affinity.go:277.29,279.14 2 0
github.com/QuantumNous/new-api/service/channel_affinity.go:279.14,280.12 1 0
github.com/QuantumNous/new-api/service/channel_affinity.go:282.3,282.51 1 0
github.com/QuantumNous/new-api/service/channel_affinity.go:282.51,284.4 1 0
github.com/QuantumNous/new-api/service/channel_affinity.go:286.2,286.14 1 0
github.com/QuantumNous/new-api/service/channel_affinity.go:289.105,290.18 1 0
github.com/QuantumNous/new-api/service/channel_affinity.go:291.21,292.20 1 0
github.com/QuantumNous/new-api/service/channel_affinity.go:292.20,294.4 1 0
github.com/QuantumNous/new-api/service/channel_affinity.go:295.3,296.13 2 0
github.com/QuantumNous/new-api/service/channel_affinity.go:296.13,298.4 1 0
github.com/QuantumNous/new-api/service/channel_affinity.go:299.3,299.25 1 0
github.com/QuantumNous/new-api/service/channel_affinity.go:300.24,301.20 1 0
github.com/QuantumNous/new-api/service/channel_affinity.go:301.20,303.4 1 0
github.com/QuantumNous/new-api/service/channel_affinity.go:304.3,304.49 1 0
github.com/QuantumNous/new-api/service/channel_affinity.go:305.15,306.21 1 0
github.com/QuantumNous/new-api/service/channel_affinity.go:306.21,308.4 1 0
github.com/QuantumNous/new-api/service/channel_affinity.go:309.3,310.17 2 0
github.com/QuantumNous/new-api/service/channel_affinity.go:310.17,312.4 1 0
github.com/QuantumNous/new-api/service/channel_affinity.go:313.3,314.35 2 0
github.com/QuantumNous/new-api/service/channel_affinity.go:314.35,316.4 1 0
github.com/QuantumNous/new-api/service/channel_affinity.go:317.3,318.20 2 0
github.com/QuantumNous/new-api/service/channel_affinity.go:318.20,320.4 1 0
github.com/QuantumNous/new-api/service/channel_affinity.go:321.3,321.19 1 0
github.com/QuantumNous/new-api/service/channel_affinity.go:322.60,323.42 1 0
github.com/QuantumNous/new-api/service/channel_affinity.go:324.11,325.37 1 0
github.com/QuantumNous/new-api/service/channel_affinity.go:327.10,328.12 1 0
github.com/QuantumNous/new-api/service/channel_affinity.go:332.151,334.45 2 0
github.com/QuantumNous/new-api/service/channel_affinity.go:334.45,336.3 1 0
github.com/QuantumNous/new-api/service/channel_affinity.go:337.2,337.46 1 0
github.com/QuantumNous/new-api/service/channel_affinity.go:337.46,339.3 1 0
github.com/QuantumNous/new-api/service/channel_affinity.go:340.2,340.48 1 0
github.com/QuantumNous/new-api/service/channel_affinity.go:340.48,342.3 1 0
github.com/QuantumNous/new-api/service/channel_affinity.go:343.2,344.33 2 0
github.com/QuantumNous/new-api/service/channel_affinity.go:347.74,351.2 3 0
github.com/QuantumNous/new-api/service/channel_affinity.go:353.68,355.9 2 0
github.com/QuantumNous/new-api/service/channel_affinity.go:355.9,357.3 1 0
github.com/QuantumNous/new-api/service/channel_affinity.go:358.2,359.22 2 0
github.com/QuantumNous/new-api/service/channel_affinity.go:359.22,361.3 1 0
github.com/QuantumNous/new-api/service/channel_affinity.go:362.2,363.9 2 0
github.com/QuantumNous/new-api/service/channel_affinity.go:363.9,365.3 1 0
github.com/QuantumNous/new-api/service/channel_affinity.go:366.2,367.30 2 0
github.com/QuantumNous/new-api/service/channel_affinity.go:370.73,372.9 2 0
github.com/QuantumNous/new-api/service/channel_affinity.go:372.9,374.3 1 0
github.com/QuantumNous/new-api/service/channel_affinity.go:375.2,376.9 2 0
github.com/QuantumNous/new-api/service/channel_affinity.go:376.9,378.3 1 0
github.com/QuantumNous/new-api/service/channel_affinity.go:379.2,379.19 1 0
github.com/QuantumNous/new-api/service/channel_affinity.go:382.89,383.14 1 0
github.com/QuantumNous/new-api/service/channel_affinity.go:383.14,385.3 1 0
github.com/QuantumNous/new-api/service/channel_affinity.go:386.2,387.9 2 0
github.com/QuantumNous/new-api/service/channel_affinity.go:387.9,389.3 1 0
github.com/QuantumNous/new-api/service/channel_affinity.go:390.2,393.35 4 0
github.com/QuantumNous/new-api/service/channel_affinity.go:393.35,395.3 1 0
github.com/QuantumNous/new-api/service/channel_affinity.go:396.2,397.21 2 0
github.com/QuantumNous/new-api/service/channel_affinity.go:397.21,399.3 1 0
github.com/QuantumNous/new-api/service/channel_affinity.go:400.2,405.9 1 0
github.com/QuantumNous/new-api/service/channel_affinity.go:408.43,409.13 1 0
github.com/QuantumNous/new-api/service/channel_affinity.go:409.13,411.3 1 0
github.com/QuantumNous/new-api/service/channel_affinity.go:412.2,413.19 2 0
github.com/QuantumNous/new-api/service/channel_affinity.go:413.19,415.3 1 0
github.com/QuantumNous/new-api/service/channel_affinity.go:416.2,416.12 1 0
github.com/QuantumNous/new-api/service/channel_affinity.go:419.51,421.13 2 0
github.com/QuantumNous/new-api/service/channel_affinity.go:421.13,423.3 1 0
github.com/QuantumNous/new-api/service/channel_affinity.go:424.2,426.18 3 0
github.com/QuantumNous/new-api/service/channel_affinity.go:426.18,428.3 1 0
github.com/QuantumNous/new-api/service/channel_affinity.go:429.2,429.37 1 0
github.com/QuantumNous/new-api/service/channel_affinity.go:432.75,433.19 1 0
github.com/QuantumNous/new-api/service/channel_affinity.go:433.19,435.3 1 0
github.com/QuantumNous/new-api/service/channel_affinity.go:436.2,437.24 2 0
github.com/QuantumNous/new-api/service/channel_affinity.go:437.24,439.3 1 0
github.com/QuantumNous/new-api/service/channel_affinity.go:440.2,440.12 1 0
github.com/QuantumNous/new-api/service/channel_affinity.go:443.107,444.37 1 0
github.com/QuantumNous/new-api/service/channel_affinity.go:444.37,446.3 1 0
github.com/QuantumNous/new-api/service/channel_affinity.go:447.2,447.19 1 0
github.com/QuantumNous/new-api/service/channel_affinity.go:447.19,449.3 1 0
github.com/QuantumNous/new-api/service/channel_affinity.go:450.2,451.24 2 0
github.com/QuantumNous/new-api/service/channel_affinity.go:451.24,452.60 1 0
github.com/QuantumNous/new-api/service/channel_affinity.go:452.60,455.17 3 0
github.com/QuantumNous/new-api/service/channel_affinity.go:455.17,456.19 1 0
github.com/QuantumNous/new-api/service/channel_affinity.go:456.19,458.6 1 0
github.com/QuantumNous/new-api/service/channel_affinity.go:458.11,460.6 1 0
github.com/QuantumNous/new-api/service/channel_affinity.go:461.5,461.13 1 0
github.com/QuantumNous/new-api/service/channel_affinity.go:464.3,464.34 1 0
github.com/QuantumNous/new-api/service/channel_affinity.go:464.34,465.12 1 0
github.com/QuantumNous/new-api/service/channel_affinity.go:467.3,467.13 1 0
github.com/QuantumNous/new-api/service/channel_affinity.go:469.2,469.12 1 0
github.com/QuantumNous/new-api/service/channel_affinity.go:472.70,473.29 1 0
github.com/QuantumNous/new-api/service/channel_affinity.go:474.21,475.20 1 0
github.com/QuantumNous/new-api/service/channel_affinity.go:475.20,477.4 1 0
github.com/QuantumNous/new-api/service/channel_affinity.go:478.3,480.22 3 0
github.com/QuantumNous/new-api/service/channel_affinity.go:481.32,483.26 2 0
github.com/QuantumNous/new-api/service/channel_affinity.go:483.26,485.4 1 0
github.com/QuantumNous/new-api/service/channel_affinity.go:486.3,486.22 1 0
github.com/QuantumNous/new-api/service/channel_affinity.go:487.10,488.20 1 0
github.com/QuantumNous/new-api/service/channel_affinity.go:492.87,493.14 1 0
github.com/QuantumNous/new-api/service/channel_affinity.go:493.14,495.3 1 0
github.com/QuantumNous/new-api/service/channel_affinity.go:496.2,496.34 1 0
github.com/QuantumNous/new-api/service/channel_affinity.go:496.34,498.3 1 0
github.com/QuantumNous/new-api/service/channel_affinity.go:500.2,505.60 2 0
github.com/QuantumNous/new-api/service/channel_affinity.go:505.60,506.55 1 0
github.com/QuantumNous/new-api/service/channel_affinity.go:506.55,510.4 3 0
github.com/QuantumNous/new-api/service/channel_affinity.go:512.2,524.4 1 0
github.com/QuantumNous/new-api/service/channel_affinity.go:528.128,529.14 1 0
github.com/QuantumNous/new-api/service/channel_affinity.go:529.14,531.3 1 0
github.com/QuantumNous/new-api/service/channel_affinity.go:532.2,533.9 2 0
github.com/QuantumNous/new-api/service/channel_affinity.go:533.9,535.3 1 0
github.com/QuantumNous/new-api/service/channel_affinity.go:536.2,536.34 1 0
github.com/QuantumNous/new-api/service/channel_affinity.go:536.34,538.3 1 0
github.com/QuantumNous/new-api/service/channel_affinity.go:540.2,542.26 3 0
github.com/QuantumNous/new-api/service/channel_affinity.go:545.101,547.40 2 0
github.com/QuantumNous/new-api/service/channel_affinity.go:547.40,549.3 1 0
github.com/QuantumNous/new-api/service/channel_affinity.go:550.2,551.58 2 0
github.com/QuantumNous/new-api/service/channel_affinity.go:551.58,553.3 1 0
github.com/QuantumNous/new-api/service/channel_affinity.go:554.2,555.34 2 0
github.com/QuantumNous/new-api/service/channel_affinity.go:555.34,557.3 1 0
github.com/QuantumNous/new-api/service/channel_affinity.go:559.2,559.37 1 0
github.com/QuantumNous/new-api/service/channel_affinity.go:559.37,560.55 1 0
github.com/QuantumNous/new-api/service/channel_affinity.go:560.55,561.12 1 0
github.com/QuantumNous/new-api/service/channel_affinity.go:563.3,563.76 1 0
github.com/QuantumNous/new-api/service/channel_affinity.go:563.76,564.12 1 0
github.com/QuantumNous/new-api/service/channel_affinity.go:566.3,566.95 1 0
github.com/QuantumNous/new-api/service/channel_affinity.go:566.95,567.12 1 0
github.com/QuantumNous/new-api/service/channel_affinity.go:569.3,571.39 3 0
github.com/QuantumNous/new-api/service/channel_affinity.go:571.39,573.27 2 0
github.com/QuantumNous/new-api/service/channel_affinity.go:573.27,575.10 2 0
github.com/QuantumNous/new-api/service/channel_affinity.go:578.3,578.26 1 0
github.com/QuantumNous/new-api/service/channel_affinity.go:578.26,579.12 1 0
github.com/QuantumNous/new-api/service/channel_affinity.go:581.3,581.94 1 0
github.com/QuantumNous/new-api/service/channel_affinity.go:581.94,582.12 1 0
github.com/QuantumNous/new-api/service/channel_affinity.go:585.3,586.22 2 0
github.com/QuantumNous/new-api/service/channel_affinity.go:586.22,588.4 1 0
github.com/QuantumNous/new-api/service/channel_affinity.go:589.3,609.17 6 0
github.com/QuantumNous/new-api/service/channel_affinity.go:609.17,612.4 2 0
github.com/QuantumNous/new-api/service/channel_affinity.go:613.3,613.12 1 0
github.com/QuantumNous/new-api/service/channel_affinity.go:613.12,615.4 1 0
github.com/QuantumNous/new-api/service/channel_affinity.go:616.3,616.18 1 0
github.com/QuantumNous/new-api/service/channel_affinity.go:618.2,618.17 1 0
github.com/QuantumNous/new-api/service/channel_affinity.go:621.70,622.14 1 0
github.com/QuantumNous/new-api/service/channel_affinity.go:622.14,624.3 1 0
github.com/QuantumNous/new-api/service/channel_affinity.go:625.2,626.8 2 0
github.com/QuantumNous/new-api/service/channel_affinity.go:626.8,628.9 2 0
github.com/QuantumNous/new-api/service/channel_affinity.go:628.9,630.4 1 0
github.com/QuantumNous/new-api/service/channel_affinity.go:632.2,633.9 2 0
github.com/QuantumNous/new-api/service/channel_affinity.go:633.9,635.3 1 0
github.com/QuantumNous/new-api/service/channel_affinity.go:636.2,636.23 1 0
github.com/QuantumNous/new-api/service/channel_affinity.go:639.83,640.32 1 0
github.com/QuantumNous/new-api/service/channel_affinity.go:640.32,642.3 1 0
github.com/QuantumNous/new-api/service/channel_affinity.go:643.2,644.9 2 0
github.com/QuantumNous/new-api/service/channel_affinity.go:644.9,646.3 1 0
github.com/QuantumNous/new-api/service/channel_affinity.go:647.2,662.43 3 0
github.com/QuantumNous/new-api/service/channel_affinity.go:665.87,666.34 1 0
github.com/QuantumNous/new-api/service/channel_affinity.go:666.34,668.3 1 0
github.com/QuantumNous/new-api/service/channel_affinity.go:669.2,670.27 2 0
github.com/QuantumNous/new-api/service/channel_affinity.go:670.27,672.3 1 0
github.com/QuantumNous/new-api/service/channel_affinity.go:673.2,673.41 1 0
github.com/QuantumNous/new-api/service/channel_affinity.go:676.59,677.20 1 0
github.com/QuantumNous/new-api/service/channel_affinity.go:677.20,679.3 1 0
github.com/QuantumNous/new-api/service/channel_affinity.go:680.2,681.40 2 0
github.com/QuantumNous/new-api/service/channel_affinity.go:681.40,683.3 1 0
github.com/QuantumNous/new-api/service/channel_affinity.go:684.2,684.41 1 0
github.com/QuantumNous/new-api/service/channel_affinity.go:684.41,685.71 1 0
github.com/QuantumNous/new-api/service/channel_affinity.go:685.71,687.4 1 0
github.com/QuantumNous/new-api/service/channel_affinity.go:689.2,690.9 2 0
github.com/QuantumNous/new-api/service/channel_affinity.go:690.9,692.3 1 0
github.com/QuantumNous/new-api/service/channel_affinity.go:693.2,693.21 1 0
github.com/QuantumNous/new-api/service/channel_affinity.go:693.21,695.3 1 0
github.com/QuantumNous/new-api/service/channel_affinity.go:696.2,696.21 1 0
github.com/QuantumNous/new-api/service/channel_affinity.go:696.21,698.3 1 0
github.com/QuantumNous/new-api/service/channel_affinity.go:699.2,700.101 2 0
github.com/QuantumNous/new-api/service/channel_affinity.go:700.101,702.3 1 0
github.com/QuantumNous/new-api/service/channel_affinity.go:741.117,743.2 1 0
github.com/QuantumNous/new-api/service/channel_affinity.go:745.112,747.9 2 0
github.com/QuantumNous/new-api/service/channel_affinity.go:747.9,749.3 1 0
github.com/QuantumNous/new-api/service/channel_affinity.go:750.2,750.72 1 0
github.com/QuantumNous/new-api/service/channel_affinity.go:753.107,759.20 5 0
github.com/QuantumNous/new-api/service/channel_affinity.go:759.20,765.3 1 0
github.com/QuantumNous/new-api/service/channel_affinity.go:767.2,769.26 3 0
github.com/QuantumNous/new-api/service/channel_affinity.go:769.26,775.3 1 0
github.com/QuantumNous/new-api/service/channel_affinity.go:776.2,790.3 1 0
github.com/QuantumNous/new-api/service/channel_affinity.go:793.123,795.20 2 0
github.com/QuantumNous/new-api/service/channel_affinity.go:795.20,797.3 1 0
github.com/QuantumNous/new-api/service/channel_affinity.go:799.2,800.24 2 0
github.com/QuantumNous/new-api/service/channel_affinity.go:800.24,802.3 1 0
github.com/QuantumNous/new-api/service/channel_affinity.go:804.2,812.16 7 0
github.com/QuantumNous/new-api/service/channel_affinity.go:812.16,814.3 1 0
github.com/QuantumNous/new-api/service/channel_affinity.go:815.2,816.12 2 0
github.com/QuantumNous/new-api/service/channel_affinity.go:816.12,818.3 1 0
github.com/QuantumNous/new-api/service/channel_affinity.go:819.2,820.23 2 0
github.com/QuantumNous/new-api/service/channel_affinity.go:820.23,821.37 1 0
github.com/QuantumNous/new-api/service/channel_affinity.go:821.37,823.4 1 0
github.com/QuantumNous/new-api/service/channel_affinity.go:823.9,823.108 1 0
github.com/QuantumNous/new-api/service/channel_affinity.go:823.108,825.4 1 0
github.com/QuantumNous/new-api/service/channel_affinity.go:827.2,829.9 3 0
github.com/QuantumNous/new-api/service/channel_affinity.go:829.9,831.3 1 0
github.com/QuantumNous/new-api/service/channel_affinity.go:832.2,839.43 8 0
github.com/QuantumNous/new-api/service/channel_affinity.go:842.55,843.14 1 0
github.com/QuantumNous/new-api/service/channel_affinity.go:844.42,845.44 1 0
github.com/QuantumNous/new-api/service/channel_affinity.go:846.52,847.54 1 0
github.com/QuantumNous/new-api/service/channel_affinity.go:848.31,849.33 1 0
github.com/QuantumNous/new-api/service/channel_affinity.go:850.10,851.12 1 0
github.com/QuantumNous/new-api/service/channel_affinity.go:855.77,856.21 1 0
github.com/QuantumNous/new-api/service/channel_affinity.go:857.109,858.44 1 0
github.com/QuantumNous/new-api/service/channel_affinity.go:859.31,860.54 1 0
github.com/QuantumNous/new-api/service/channel_affinity.go:861.10,862.12 1 0
github.com/QuantumNous/new-api/service/channel_affinity.go:866.83,870.35 4 0
github.com/QuantumNous/new-api/service/channel_affinity.go:870.35,872.3 1 0
github.com/QuantumNous/new-api/service/channel_affinity.go:873.2,873.52 1 0
github.com/QuantumNous/new-api/service/channel_affinity.go:876.101,877.18 1 0
github.com/QuantumNous/new-api/service/channel_affinity.go:877.18,879.3 1 0
github.com/QuantumNous/new-api/service/channel_affinity.go:881.2,882.48 2 0
github.com/QuantumNous/new-api/service/channel_affinity.go:882.48,884.3 1 0
github.com/QuantumNous/new-api/service/channel_affinity.go:884.8,884.89 1 0
github.com/QuantumNous/new-api/service/channel_affinity.go:884.89,886.3 1 0
github.com/QuantumNous/new-api/service/channel_affinity.go:887.2,888.36 2 0
github.com/QuantumNous/new-api/service/channel_affinity.go:888.36,890.3 1 0
github.com/QuantumNous/new-api/service/channel_affinity.go:891.2,891.45 1 0
github.com/QuantumNous/new-api/service/channel_affinity.go:894.46,895.18 1 0
github.com/QuantumNous/new-api/service/channel_affinity.go:895.18,897.3 1 0
github.com/QuantumNous/new-api/service/channel_affinity.go:898.2,898.28 1 0
github.com/QuantumNous/new-api/service/channel_affinity.go:898.28,900.3 1 0
github.com/QuantumNous/new-api/service/channel_affinity.go:901.2,901.26 1 0
github.com/QuantumNous/new-api/service/channel_affinity.go:904.50,905.18 1 0
github.com/QuantumNous/new-api/service/channel_affinity.go:905.18,907.3 1 0
github.com/QuantumNous/new-api/service/channel_affinity.go:908.2,908.32 1 0
github.com/QuantumNous/new-api/service/channel_affinity.go:908.32,910.3 1 0
github.com/QuantumNous/new-api/service/channel_affinity.go:911.2,911.27 1 0
github.com/QuantumNous/new-api/service/channel_affinity.go:914.45,915.18 1 0
github.com/QuantumNous/new-api/service/channel_affinity.go:915.18,917.3 1 0
github.com/QuantumNous/new-api/service/channel_affinity.go:918.2,918.27 1 0
github.com/QuantumNous/new-api/service/channel_affinity.go:918.27,920.3 1 0
github.com/QuantumNous/new-api/service/channel_affinity.go:921.2,923.22 3 0
github.com/QuantumNous/new-api/service/channel_affinity.go:923.22,925.3 1 0
github.com/QuantumNous/new-api/service/channel_affinity.go:926.2,926.10 1 0
github.com/QuantumNous/new-api/service/channel_affinity.go:929.102,930.47 1 0
github.com/QuantumNous/new-api/service/channel_affinity.go:930.47,934.21 4 0
github.com/QuantumNous/new-api/service/channel_affinity.go:934.21,935.30 1 0
github.com/QuantumNous/new-api/service/channel_affinity.go:935.30,937.5 1 0
github.com/QuantumNous/new-api/service/channel_affinity.go:938.4,938.37 1 0
github.com/QuantumNous/new-api/service/channel_affinity.go:938.37,940.5 1 0
github.com/QuantumNous/new-api/service/channel_affinity.go:943.3,946.30 1 0
github.com/QuantumNous/new-api/service/channel_affinity.go:946.30,948.5 1 0
github.com/QuantumNous/new-api/service/channel_affinity.go:950.76,955.5 1 0
github.com/QuantumNous/new-api/service/channel_affinity.go:958.2,958.44 1 0
github.com/QuantumNous/new-api/service/channel_affinity.go:961.65,966.2 4 0
github.com/QuantumNous/new-api/service/channel_select.go:22.37,23.20 1 0
github.com/QuantumNous/new-api/service/channel_select.go:23.20,25.3 1 0
github.com/QuantumNous/new-api/service/channel_select.go:26.2,26.17 1 0
github.com/QuantumNous/new-api/service/channel_select.go:29.42,31.2 1 0
github.com/QuantumNous/new-api/service/channel_select.go:33.38,34.20 1 0
github.com/QuantumNous/new-api/service/channel_select.go:34.20,37.3 2 0
github.com/QuantumNous/new-api/service/channel_select.go:38.2,38.20 1 0
github.com/QuantumNous/new-api/service/channel_select.go:38.20,40.3 1 0
github.com/QuantumNous/new-api/service/channel_select.go:41.2,41.12 1 0
github.com/QuantumNous/new-api/service/channel_select.go:44.42,46.2 1 0
github.com/QuantumNous/new-api/service/channel_select.go:83.88,89.32 5 0
github.com/QuantumNous/new-api/service/channel_select.go:89.32,90.40 1 0
github.com/QuantumNous/new-api/service/channel_select.go:90.40,92.4 1 0
github.com/QuantumNous/new-api/service/channel_select.go:93.3,100.107 4 0
github.com/QuantumNous/new-api/service/channel_select.go:100.107,101.43 1 0
github.com/QuantumNous/new-api/service/channel_select.go:101.43,103.5 1 0
github.com/QuantumNous/new-api/service/channel_select.go:106.3,106.54 1 0
github.com/QuantumNous/new-api/service/channel_select.go:106.54,113.27 3 0
github.com/QuantumNous/new-api/service/channel_select.go:113.27,115.5 1 0
github.com/QuantumNous/new-api/service/channel_select.go:116.4,119.22 3 0
github.com/QuantumNous/new-api/service/channel_select.go:119.22,129.13 5 0
github.com/QuantumNous/new-api/service/channel_select.go:131.4,137.61 4 0
github.com/QuantumNous/new-api/service/channel_select.go:137.61,148.5 4 0
github.com/QuantumNous/new-api/service/channel_select.go:148.10,152.5 1 0
github.com/QuantumNous/new-api/service/channel_select.go:153.4,153.9 1 0
github.com/QuantumNous/new-api/service/channel_select.go:155.8,157.17 2 0
github.com/QuantumNous/new-api/service/channel_select.go:157.17,159.4 1 0
github.com/QuantumNous/new-api/service/channel_select.go:161.2,161.34 1 0
github.com/QuantumNous/new-api/service/codex_credential_refresh.go:31.61,32.34 1 0
github.com/QuantumNous/new-api/service/codex_credential_refresh.go:32.34,34.3 1 0
github.com/QuantumNous/new-api/service/codex_credential_refresh.go:35.2,36.60 2 0
github.com/QuantumNous/new-api/service/codex_credential_refresh.go:36.60,38.3 1 0
github.com/QuantumNous/new-api/service/codex_credential_refresh.go:39.2,39.18 1 0
github.com/QuantumNous/new-api/service/codex_credential_refresh.go:42.148,44.16 2 0
github.com/QuantumNous/new-api/service/codex_credential_refresh.go:44.16,46.3 1 0
github.com/QuantumNous/new-api/service/codex_credential_refresh.go:47.2,47.15 1 0
github.com/QuantumNous/new-api/service/codex_credential_refresh.go:47.15,49.3 1 0
github.com/QuantumNous/new-api/service/codex_credential_refresh.go:50.2,50.42 1 0
github.com/QuantumNous/new-api/service/codex_credential_refresh.go:50.42,52.3 1 0
github.com/QuantumNous/new-api/service/codex_credential_refresh.go:54.2,55.16 2 0
github.com/QuantumNous/new-api/service/codex_credential_refresh.go:55.16,57.3 1 0
github.com/QuantumNous/new-api/service/codex_credential_refresh.go:58.2,58.52 1 0
github.com/QuantumNous/new-api/service/codex_credential_refresh.go:58.52,60.3 1 0
github.com/QuantumNous/new-api/service/codex_credential_refresh.go:62.2,66.16 4 0
github.com/QuantumNous/new-api/service/codex_credential_refresh.go:66.16,68.3 1 0
github.com/QuantumNous/new-api/service/codex_credential_refresh.go:70.2,74.44 5 0
github.com/QuantumNous/new-api/service/codex_credential_refresh.go:74.44,76.3 1 0
github.com/QuantumNous/new-api/service/codex_credential_refresh.go:78.2,78.49 1 0
github.com/QuantumNous/new-api/service/codex_credential_refresh.go:78.49,79.78 1 0
github.com/QuantumNous/new-api/service/codex_credential_refresh.go:79.78,81.4 1 0
github.com/QuantumNous/new-api/service/codex_credential_refresh.go:83.2,83.45 1 0
github.com/QuantumNous/new-api/service/codex_credential_refresh.go:83.45,84.65 1 0
github.com/QuantumNous/new-api/service/codex_credential_refresh.go:84.65,86.4 1 0
github.com/QuantumNous/new-api/service/codex_credential_refresh.go:89.2,90.16 2 0
github.com/QuantumNous/new-api/service/codex_credential_refresh.go:90.16,92.3 1 0
github.com/QuantumNous/new-api/service/codex_credential_refresh.go:94.2,94.117 1 0
github.com/QuantumNous/new-api/service/codex_credential_refresh.go:94.117,96.3 1 0
github.com/QuantumNous/new-api/service/codex_credential_refresh.go:98.2,98.22 1 0
github.com/QuantumNous/new-api/service/codex_credential_refresh.go:98.22,101.3 2 0
github.com/QuantumNous/new-api/service/codex_credential_refresh.go:103.2,103.26 1 0
github.com/QuantumNous/new-api/service/codex_credential_refresh_task.go:31.59,33.2 1 0
github.com/QuantumNous/new-api/service/codex_credential_refresh_task.go:35.44,36.39 1 0
github.com/QuantumNous/new-api/service/codex_credential_refresh_task.go:36.39,37.27 1 0
github.com/QuantumNous/new-api/service/codex_credential_refresh_task.go:37.27,39.4 1 0
github.com/QuantumNous/new-api/service/codex_credential_refresh_task.go:41.3,41.20 1 0
github.com/QuantumNous/new-api/service/codex_credential_refresh_task.go:41.20,48.23 5 0
github.com/QuantumNous/new-api/service/codex_credential_refresh_task.go:48.23,50.5 1 0
github.com/QuantumNous/new-api/service/codex_credential_refresh_task.go:55.42,56.64 1 0
github.com/QuantumNous/new-api/service/codex_credential_refresh_task.go:56.64,58.3 1 0
github.com/QuantumNous/new-api/service/codex_credential_refresh_task.go:59.2,68.6 7 0
github.com/QuantumNous/new-api/service/codex_credential_refresh_task.go:68.6,81.17 3 0
github.com/QuantumNous/new-api/service/codex_credential_refresh_task.go:81.17,84.4 2 0
github.com/QuantumNous/new-api/service/codex_credential_refresh_task.go:85.3,85.25 1 0
github.com/QuantumNous/new-api/service/codex_credential_refresh_task.go:85.25,86.9 1 0
github.com/QuantumNous/new-api/service/codex_credential_refresh_task.go:88.3,90.31 2 0
github.com/QuantumNous/new-api/service/codex_credential_refresh_task.go:90.31,91.17 1 0
github.com/QuantumNous/new-api/service/codex_credential_refresh_task.go:91.17,92.13 1 0
github.com/QuantumNous/new-api/service/codex_credential_refresh_task.go:94.4,95.33 2 0
github.com/QuantumNous/new-api/service/codex_credential_refresh_task.go:95.33,96.13 1 0
github.com/QuantumNous/new-api/service/codex_credential_refresh_task.go:99.4,100.20 2 0
github.com/QuantumNous/new-api/service/codex_credential_refresh_task.go:100.20,101.13 1 0
github.com/QuantumNous/new-api/service/codex_credential_refresh_task.go:104.4,105.18 2 0
github.com/QuantumNous/new-api/service/codex_credential_refresh_task.go:105.18,106.13 1 0
github.com/QuantumNous/new-api/service/codex_credential_refresh_task.go:109.4,110.26 2 0
github.com/QuantumNous/new-api/service/codex_credential_refresh_task.go:110.26,111.13 1 0
github.com/QuantumNous/new-api/service/codex_credential_refresh_task.go:114.4,116.97 3 0
github.com/QuantumNous/new-api/service/codex_credential_refresh_task.go:116.97,117.13 1 0
github.com/QuantumNous/new-api/service/codex_credential_refresh_task.go:120.4,123.18 4 0
github.com/QuantumNous/new-api/service/codex_credential_refresh_task.go:123.18,125.13 2 0
github.com/QuantumNous/new-api/service/codex_credential_refresh_task.go:128.4,129.149 2 0
github.com/QuantumNous/new-api/service/codex_credential_refresh_task.go:133.2,133.19 1 0
github.com/QuantumNous/new-api/service/codex_credential_refresh_task.go:133.19,134.10 1 0
github.com/QuantumNous/new-api/service/codex_credential_refresh_task.go:134.10,135.17 1 0
github.com/QuantumNous/new-api/service/codex_credential_refresh_task.go:135.17,136.33 1 0
github.com/QuantumNous/new-api/service/codex_credential_refresh_task.go:136.33,138.6 1 0
github.com/QuantumNous/new-api/service/codex_credential_refresh_task.go:140.4,140.28 1 0
github.com/QuantumNous/new-api/service/codex_credential_refresh_task.go:142.3,142.26 1 0
github.com/QuantumNous/new-api/service/codex_credential_refresh_task.go:145.2,145.25 1 0
github.com/QuantumNous/new-api/service/codex_credential_refresh_task.go:145.25,147.3 1 0
github.com/QuantumNous/new-api/service/codex_oauth.go:42.103,44.2 1 0
github.com/QuantumNous/new-api/service/codex_oauth.go:46.129,48.16 2 0
github.com/QuantumNous/new-api/service/codex_oauth.go:48.16,50.3 1 0
github.com/QuantumNous/new-api/service/codex_oauth.go:51.2,51.98 1 0
github.com/QuantumNous/new-api/service/codex_oauth.go:54.120,56.2 1 0
github.com/QuantumNous/new-api/service/codex_oauth.go:58.146,60.16 2 0
github.com/QuantumNous/new-api/service/codex_oauth.go:60.16,62.3 1 0
github.com/QuantumNous/new-api/service/codex_oauth.go:63.2,63.131 1 0
github.com/QuantumNous/new-api/service/codex_oauth.go:66.80,68.16 2 0
github.com/QuantumNous/new-api/service/codex_oauth.go:68.16,70.3 1 0
github.com/QuantumNous/new-api/service/codex_oauth.go:71.2,72.16 2 0
github.com/QuantumNous/new-api/service/codex_oauth.go:72.16,74.3 1 0
github.com/QuantumNous/new-api/service/codex_oauth.go:75.2,76.16 2 0
github.com/QuantumNous/new-api/service/codex_oauth.go:76.16,78.3 1 0
github.com/QuantumNous/new-api/service/codex_oauth.go:79.2,84.8 1 0
github.com/QuantumNous/new-api/service/codex_oauth.go:93.35,95.14 2 0
github.com/QuantumNous/new-api/service/codex_oauth.go:95.14,97.3 1 0
github.com/QuantumNous/new-api/service/codex_oauth.go:99.2,105.16 6 0
github.com/QuantumNous/new-api/service/codex_oauth.go:105.16,107.3 1 0
github.com/QuantumNous/new-api/service/codex_oauth.go:108.2,112.16 4 0
github.com/QuantumNous/new-api/service/codex_oauth.go:112.16,114.3 1 0
github.com/QuantumNous/new-api/service/codex_oauth.go:115.2,123.63 3 0
github.com/QuantumNous/new-api/service/codex_oauth.go:123.63,125.3 1 0
github.com/QuantumNous/new-api/service/codex_oauth.go:126.2,126.53 1 0
github.com/QuantumNous/new-api/service/codex_oauth.go:126.53,128.3 1 0
github.com/QuantumNous/new-api/service/codex_oauth.go:130.2,130.125 1 0
github.com/QuantumNous/new-api/service/codex_oauth.go:130.125,132.3 1 0
github.com/QuantumNous/new-api/service/codex_oauth.go:134.2,138.8 1 0
github.com/QuantumNous/new-api/service/codex_oauth.go:149.35,152.13 3 0
github.com/QuantumNous/new-api/service/codex_oauth.go:152.13,154.3 1 0
github.com/QuantumNous/new-api/service/codex_oauth.go:155.2,155.13 1 0
github.com/QuantumNous/new-api/service/codex_oauth.go:155.13,157.3 1 0
github.com/QuantumNous/new-api/service/codex_oauth.go:159.2,167.16 8 0
github.com/QuantumNous/new-api/service/codex_oauth.go:167.16,169.3 1 0
github.com/QuantumNous/new-api/service/codex_oauth.go:170.2,174.16 4 0
github.com/QuantumNous/new-api/service/codex_oauth.go:174.16,176.3 1 0
github.com/QuantumNous/new-api/service/codex_oauth.go:177.2,184.63 3 0
github.com/QuantumNous/new-api/service/codex_oauth.go:184.63,186.3 1 0
github.com/QuantumNous/new-api/service/codex_oauth.go:187.2,187.53 1 0
github.com/QuantumNous/new-api/service/codex_oauth.go:187.53,189.3 1 0
github.com/QuantumNous/new-api/service/codex_oauth.go:190.2,190.125 1 0
github.com/QuantumNous/new-api/service/codex_oauth.go:190.125,192.3 1 0
github.com/QuantumNous/new-api/service/codex_oauth.go:193.2,197.8 1 0
github.com/QuantumNous/new-api/service/codex_oauth.go:200.69,202.16 2 0
github.com/QuantumNous/new-api/service/codex_oauth.go:202.16,204.3 1 0
github.com/QuantumNous/new-api/service/codex_oauth.go:205.2,205.23 1 0
github.com/QuantumNous/new-api/service/codex_oauth.go:205.23,207.3 1 0
github.com/QuantumNous/new-api/service/codex_oauth.go:208.2,210.25 3 0
github.com/QuantumNous/new-api/service/codex_oauth.go:213.77,215.16 2 0
github.com/QuantumNous/new-api/service/codex_oauth.go:215.16,217.3 1 0
github.com/QuantumNous/new-api/service/codex_oauth.go:218.2,230.24 13 0
github.com/QuantumNous/new-api/service/codex_oauth.go:233.49,234.17 1 0
github.com/QuantumNous/new-api/service/codex_oauth.go:234.17,236.3 1 0
github.com/QuantumNous/new-api/service/codex_oauth.go:237.2,238.40 2 0
github.com/QuantumNous/new-api/service/codex_oauth.go:238.40,240.3 1 0
github.com/QuantumNous/new-api/service/codex_oauth.go:241.2,241.34 1 0
github.com/QuantumNous/new-api/service/codex_oauth.go:244.72,246.40 2 0
github.com/QuantumNous/new-api/service/codex_oauth.go:246.40,248.3 1 0
github.com/QuantumNous/new-api/service/codex_oauth.go:249.2,252.33 4 0
github.com/QuantumNous/new-api/service/codex_oauth.go:255.64,257.9 2 0
github.com/QuantumNous/new-api/service/codex_oauth.go:257.9,259.3 1 0
github.com/QuantumNous/new-api/service/codex_oauth.go:260.2,261.9 2 0
github.com/QuantumNous/new-api/service/codex_oauth.go:261.9,263.3 1 0
github.com/QuantumNous/new-api/service/codex_oauth.go:264.2,265.9 2 0
github.com/QuantumNous/new-api/service/codex_oauth.go:265.9,267.3 1 0
github.com/QuantumNous/new-api/service/codex_oauth.go:268.2,269.9 2 0
github.com/QuantumNous/new-api/service/codex_oauth.go:269.9,271.3 1 0
github.com/QuantumNous/new-api/service/codex_oauth.go:272.2,273.9 2 0
github.com/QuantumNous/new-api/service/codex_oauth.go:273.9,275.3 1 0
github.com/QuantumNous/new-api/service/codex_oauth.go:276.2,277.13 2 0
github.com/QuantumNous/new-api/service/codex_oauth.go:277.13,279.3 1 0
github.com/QuantumNous/new-api/service/codex_oauth.go:280.2,280.16 1 0
github.com/QuantumNous/new-api/service/codex_oauth.go:283.55,285.9 2 0
github.com/QuantumNous/new-api/service/codex_oauth.go:285.9,287.3 1 0
github.com/QuantumNous/new-api/service/codex_oauth.go:288.2,289.9 2 0
github.com/QuantumNous/new-api/service/codex_oauth.go:289.9,291.3 1 0
github.com/QuantumNous/new-api/service/codex_oauth.go:292.2,293.9 2 0
github.com/QuantumNous/new-api/service/codex_oauth.go:293.9,295.3 1 0
github.com/QuantumNous/new-api/service/codex_oauth.go:296.2,297.13 2 0
github.com/QuantumNous/new-api/service/codex_oauth.go:297.13,299.3 1 0
github.com/QuantumNous/new-api/service/codex_oauth.go:300.2,300.16 1 0
github.com/QuantumNous/new-api/service/codex_oauth.go:303.59,305.21 2 0
github.com/QuantumNous/new-api/service/codex_oauth.go:305.21,307.3 1 0
github.com/QuantumNous/new-api/service/codex_oauth.go:308.2,309.16 2 0
github.com/QuantumNous/new-api/service/codex_oauth.go:309.16,311.3 1 0
github.com/QuantumNous/new-api/service/codex_oauth.go:312.2,313.60 2 0
github.com/QuantumNous/new-api/service/codex_oauth.go:313.60,315.3 1 0
github.com/QuantumNous/new-api/service/codex_oauth.go:316.2,316.21 1 0
github.com/QuantumNous/new-api/service/codex_wham_usage.go:17.44,18.19 1 0
github.com/QuantumNous/new-api/service/codex_wham_usage.go:18.19,20.3 1 0
github.com/QuantumNous/new-api/service/codex_wham_usage.go:21.2,22.14 2 0
github.com/QuantumNous/new-api/service/codex_wham_usage.go:22.14,24.3 1 0
github.com/QuantumNous/new-api/service/codex_wham_usage.go:25.2,27.14 3 0
github.com/QuantumNous/new-api/service/codex_wham_usage.go:27.14,29.3 1 0
github.com/QuantumNous/new-api/service/codex_wham_usage.go:30.2,30.15 1 0
github.com/QuantumNous/new-api/service/codex_wham_usage.go:30.15,32.3 1 0
github.com/QuantumNous/new-api/service/codex_wham_usage.go:34.2,35.16 2 0
github.com/QuantumNous/new-api/service/codex_wham_usage.go:35.16,37.3 1 0
github.com/QuantumNous/new-api/service/codex_wham_usage.go:38.2,41.40 4 0
github.com/QuantumNous/new-api/service/codex_wham_usage.go:41.40,43.3 1 0
github.com/QuantumNous/new-api/service/codex_wham_usage.go:45.2,46.16 2 0
github.com/QuantumNous/new-api/service/codex_wham_usage.go:46.16,48.3 1 0
github.com/QuantumNous/new-api/service/codex_wham_usage.go:49.2,52.16 3 0
github.com/QuantumNous/new-api/service/codex_wham_usage.go:52.16,54.3 1 0
github.com/QuantumNous/new-api/service/codex_wham_usage.go:55.2,55.35 1 0
github.com/QuantumNous/new-api/service/convert.go:17.125,22.36 2 0
github.com/QuantumNous/new-api/service/convert.go:22.36,24.3 1 0
github.com/QuantumNous/new-api/service/convert.go:25.2,25.31 1 0
github.com/QuantumNous/new-api/service/convert.go:25.31,27.3 1 0
github.com/QuantumNous/new-api/service/convert.go:28.2,28.31 1 0
github.com/QuantumNous/new-api/service/convert.go:28.31,30.3 1 0
github.com/QuantumNous/new-api/service/convert.go:31.2,31.33 1 0
github.com/QuantumNous/new-api/service/convert.go:31.33,33.3 1 0
github.com/QuantumNous/new-api/service/convert.go:35.2,37.18 2 0
github.com/QuantumNous/new-api/service/convert.go:37.18,38.57 1 0
github.com/QuantumNous/new-api/service/convert.go:38.57,41.4 2 0
github.com/QuantumNous/new-api/service/convert.go:42.3,42.36 1 0
github.com/QuantumNous/new-api/service/convert.go:42.36,44.48 2 0
github.com/QuantumNous/new-api/service/convert.go:44.48,49.5 1 0
github.com/QuantumNous/new-api/service/convert.go:49.10,49.56 1 0
github.com/QuantumNous/new-api/service/convert.go:49.56,53.5 1 0
github.com/QuantumNous/new-api/service/convert.go:54.4,55.18 2 0
github.com/QuantumNous/new-api/service/convert.go:55.18,57.5 1 0
github.com/QuantumNous/new-api/service/convert.go:58.4,58.43 1 0
github.com/QuantumNous/new-api/service/convert.go:60.8,63.60 2 0
github.com/QuantumNous/new-api/service/convert.go:63.60,65.4 1 0
github.com/QuantumNous/new-api/service/convert.go:69.2,69.43 1 0
github.com/QuantumNous/new-api/service/convert.go:69.43,71.3 1 0
github.com/QuantumNous/new-api/service/convert.go:71.8,71.49 1 0
github.com/QuantumNous/new-api/service/convert.go:71.49,73.3 1 0
github.com/QuantumNous/new-api/service/convert.go:76.2,78.35 3 0
github.com/QuantumNous/new-api/service/convert.go:78.35,88.3 2 0
github.com/QuantumNous/new-api/service/convert.go:89.2,95.33 3 0
github.com/QuantumNous/new-api/service/convert.go:95.33,96.78 1 0
github.com/QuantumNous/new-api/service/convert.go:96.78,102.4 3 0
github.com/QuantumNous/new-api/service/convert.go:102.9,104.24 2 0
github.com/QuantumNous/new-api/service/convert.go:104.24,109.27 3 0
github.com/QuantumNous/new-api/service/convert.go:109.27,111.37 2 0
github.com/QuantumNous/new-api/service/convert.go:111.37,118.7 2 0
github.com/QuantumNous/new-api/service/convert.go:119.6,119.56 1 0
github.com/QuantumNous/new-api/service/convert.go:120.11,122.37 2 0
github.com/QuantumNous/new-api/service/convert.go:122.37,123.29 1 0
github.com/QuantumNous/new-api/service/convert.go:123.29,125.8 1 0
github.com/QuantumNous/new-api/service/convert.go:127.6,127.47 1 0
github.com/QuantumNous/new-api/service/convert.go:129.5,129.59 1 0
github.com/QuantumNous/new-api/service/convert.go:133.2,133.55 1 0
github.com/QuantumNous/new-api/service/convert.go:133.55,139.38 2 0
github.com/QuantumNous/new-api/service/convert.go:139.38,141.4 1 0
github.com/QuantumNous/new-api/service/convert.go:141.9,143.18 2 0
github.com/QuantumNous/new-api/service/convert.go:143.18,145.5 1 0
github.com/QuantumNous/new-api/service/convert.go:146.4,150.38 4 0
github.com/QuantumNous/new-api/service/convert.go:150.38,151.26 1 0
github.com/QuantumNous/new-api/service/convert.go:152.31,158.52 2 0
github.com/QuantumNous/new-api/service/convert.go:159.18,167.57 3 0
github.com/QuantumNous/new-api/service/convert.go:168.21,177.45 2 0
github.com/QuantumNous/new-api/service/convert.go:178.24,181.24 2 0
github.com/QuantumNous/new-api/service/convert.go:181.24,183.7 1 0
github.com/QuantumNous/new-api/service/convert.go:184.6,190.36 2 0
github.com/QuantumNous/new-api/service/convert.go:190.36,192.7 1 0
github.com/QuantumNous/new-api/service/convert.go:192.12,196.7 3 0
github.com/QuantumNous/new-api/service/convert.go:197.6,197.61 1 0
github.com/QuantumNous/new-api/service/convert.go:201.4,201.26 1 0
github.com/QuantumNous/new-api/service/convert.go:201.26,203.5 1 0
github.com/QuantumNous/new-api/service/convert.go:205.4,205.53 1 0
github.com/QuantumNous/new-api/service/convert.go:205.53,207.5 1 0
github.com/QuantumNous/new-api/service/convert.go:209.3,209.80 1 0
github.com/QuantumNous/new-api/service/convert.go:209.80,211.4 1 0
github.com/QuantumNous/new-api/service/convert.go:214.2,216.28 2 0
github.com/QuantumNous/new-api/service/convert.go:219.55,224.2 1 0
github.com/QuantumNous/new-api/service/convert.go:226.76,227.21 1 0
github.com/QuantumNous/new-api/service/convert.go:227.21,229.3 1 0
github.com/QuantumNous/new-api/service/convert.go:230.2,241.48 3 0
github.com/QuantumNous/new-api/service/convert.go:241.48,246.3 1 0
github.com/QuantumNous/new-api/service/convert.go:247.2,247.14 1 0
github.com/QuantumNous/new-api/service/convert.go:250.90,253.2 2 0
github.com/QuantumNous/new-api/service/convert.go:255.136,256.33 1 0
github.com/QuantumNous/new-api/service/convert.go:256.33,258.3 1 0
github.com/QuantumNous/new-api/service/convert.go:260.2,268.27 2 0
github.com/QuantumNous/new-api/service/convert.go:268.27,269.50 1 0
github.com/QuantumNous/new-api/service/convert.go:270.77,271.94 1 0
github.com/QuantumNous/new-api/service/convert.go:272.41,274.87 2 0
github.com/QuantumNous/new-api/service/convert.go:274.87,276.5 1 0
github.com/QuantumNous/new-api/service/convert.go:284.2,284.37 1 0
github.com/QuantumNous/new-api/service/convert.go:284.37,285.81 1 0
github.com/QuantumNous/new-api/service/convert.go:285.81,287.4 1 0
github.com/QuantumNous/new-api/service/convert.go:288.3,289.50 2 0
github.com/QuantumNous/new-api/service/convert.go:290.41,293.53 3 0
github.com/QuantumNous/new-api/service/convert.go:294.11,295.34 1 0
github.com/QuantumNous/new-api/service/convert.go:297.3,297.76 1 0
github.com/QuantumNous/new-api/service/convert.go:299.2,299.33 1 0
github.com/QuantumNous/new-api/service/convert.go:299.33,318.34 4 0
github.com/QuantumNous/new-api/service/convert.go:318.34,323.93 5 0
github.com/QuantumNous/new-api/service/convert.go:323.93,325.5 1 0
github.com/QuantumNous/new-api/service/convert.go:325.10,327.21 2 0
github.com/QuantumNous/new-api/service/convert.go:327.21,329.6 1 0
github.com/QuantumNous/new-api/service/convert.go:329.11,331.6 1 0
github.com/QuantumNous/new-api/service/convert.go:333.4,345.41 4 0
github.com/QuantumNous/new-api/service/convert.go:345.41,355.5 2 0
github.com/QuantumNous/new-api/service/convert.go:356.10,358.4 0 0
github.com/QuantumNous/new-api/service/convert.go:360.3,360.38 1 0
github.com/QuantumNous/new-api/service/convert.go:360.38,364.23 3 0
github.com/QuantumNous/new-api/service/convert.go:364.23,365.87 1 0
github.com/QuantumNous/new-api/service/convert.go:365.87,367.6 1 0
github.com/QuantumNous/new-api/service/convert.go:368.5,386.82 5 0
github.com/QuantumNous/new-api/service/convert.go:387.10,387.28 1 0
github.com/QuantumNous/new-api/service/convert.go:387.28,388.83 1 0
github.com/QuantumNous/new-api/service/convert.go:388.83,390.6 1 0
github.com/QuantumNous/new-api/service/convert.go:391.5,409.78 5 0
github.com/QuantumNous/new-api/service/convert.go:414.3,414.136 1 0
github.com/QuantumNous/new-api/service/convert.go:414.136,418.23 4 0
github.com/QuantumNous/new-api/service/convert.go:418.23,420.5 1 0
github.com/QuantumNous/new-api/service/convert.go:421.4,421.23 1 0
github.com/QuantumNous/new-api/service/convert.go:421.23,429.5 1 0
github.com/QuantumNous/new-api/service/convert.go:430.4,433.38 2 0
github.com/QuantumNous/new-api/service/convert.go:435.3,435.25 1 0
github.com/QuantumNous/new-api/service/convert.go:438.2,438.38 1 0
github.com/QuantumNous/new-api/service/convert.go:438.38,441.22 2 0
github.com/QuantumNous/new-api/service/convert.go:441.22,443.4 1 0
github.com/QuantumNous/new-api/service/convert.go:444.3,444.22 1 0
github.com/QuantumNous/new-api/service/convert.go:444.22,447.24 3 0
github.com/QuantumNous/new-api/service/convert.go:447.24,449.5 1 0
github.com/QuantumNous/new-api/service/convert.go:450.4,460.38 3 0
github.com/QuantumNous/new-api/service/convert.go:462.3,462.25 1 0
github.com/QuantumNous/new-api/service/convert.go:463.8,466.16 3 0
github.com/QuantumNous/new-api/service/convert.go:466.16,469.23 3 0
github.com/QuantumNous/new-api/service/convert.go:469.23,474.5 2 0
github.com/QuantumNous/new-api/service/convert.go:477.3,480.44 4 0
github.com/QuantumNous/new-api/service/convert.go:480.44,482.83 2 0
github.com/QuantumNous/new-api/service/convert.go:482.83,486.5 3 0
github.com/QuantumNous/new-api/service/convert.go:487.4,491.39 4 0
github.com/QuantumNous/new-api/service/convert.go:491.39,493.30 2 0
github.com/QuantumNous/new-api/service/convert.go:493.30,495.6 1 0
github.com/QuantumNous/new-api/service/convert.go:495.11,497.6 1 0
github.com/QuantumNous/new-api/service/convert.go:498.5,498.27 1 0
github.com/QuantumNous/new-api/service/convert.go:498.27,500.6 1 0
github.com/QuantumNous/new-api/service/convert.go:501.5,504.37 3 0
github.com/QuantumNous/new-api/service/convert.go:504.37,515.6 1 0
github.com/QuantumNous/new-api/service/convert.go:517.5,517.45 1 0
github.com/QuantumNous/new-api/service/convert.go:517.45,526.6 1 0
github.com/QuantumNous/new-api/service/convert.go:528.4,529.51 2 0
github.com/QuantumNous/new-api/service/convert.go:530.9,533.44 3 0
github.com/QuantumNous/new-api/service/convert.go:533.44,534.24 1 0
github.com/QuantumNous/new-api/service/convert.go:534.24,535.88 1 0
github.com/QuantumNous/new-api/service/convert.go:535.88,546.7 3 0
github.com/QuantumNous/new-api/service/convert.go:547.6,551.7 2 0
github.com/QuantumNous/new-api/service/convert.go:552.11,553.84 1 0
github.com/QuantumNous/new-api/service/convert.go:553.84,564.7 3 0
github.com/QuantumNous/new-api/service/convert.go:565.6,569.7 2 0
github.com/QuantumNous/new-api/service/convert.go:571.10,573.5 1 0
github.com/QuantumNous/new-api/service/convert.go:576.3,577.46 2 0
github.com/QuantumNous/new-api/service/convert.go:577.46,579.4 1 0
github.com/QuantumNous/new-api/service/convert.go:581.3,581.47 1 0
github.com/QuantumNous/new-api/service/convert.go:581.47,584.23 3 0
github.com/QuantumNous/new-api/service/convert.go:584.23,586.5 1 0
github.com/QuantumNous/new-api/service/convert.go:587.4,587.23 1 0
github.com/QuantumNous/new-api/service/convert.go:587.23,595.5 1 0
github.com/QuantumNous/new-api/service/convert.go:596.4,600.26 3 0
github.com/QuantumNous/new-api/service/convert.go:604.2,604.24 1 0
github.com/QuantumNous/new-api/service/convert.go:607.117,616.48 4 0
github.com/QuantumNous/new-api/service/convert.go:616.48,618.42 2 0
github.com/QuantumNous/new-api/service/convert.go:618.42,619.60 1 0
github.com/QuantumNous/new-api/service/convert.go:619.60,625.92 6 0
github.com/QuantumNous/new-api/service/convert.go:625.92,627.6 1 0
github.com/QuantumNous/new-api/service/convert.go:627.11,629.6 1 0
github.com/QuantumNous/new-api/service/convert.go:630.5,630.47 1 0
github.com/QuantumNous/new-api/service/convert.go:632.9,637.4 4 0
github.com/QuantumNous/new-api/service/convert.go:639.2,643.23 4 0
github.com/QuantumNous/new-api/service/convert.go:646.52,648.2 1 0
github.com/QuantumNous/new-api/service/convert.go:650.41,652.16 2 0
github.com/QuantumNous/new-api/service/convert.go:652.16,654.3 1 0
github.com/QuantumNous/new-api/service/convert.go:655.2,655.18 1 0
github.com/QuantumNous/new-api/service/convert.go:658.130,666.49 3 0
github.com/QuantumNous/new-api/service/convert.go:666.49,674.38 4 0
github.com/QuantumNous/new-api/service/convert.go:674.38,675.23 1 0
github.com/QuantumNous/new-api/service/convert.go:675.23,681.5 2 0
github.com/QuantumNous/new-api/service/convert.go:681.10,681.37 1 0
github.com/QuantumNous/new-api/service/convert.go:681.37,691.5 2 0
github.com/QuantumNous/new-api/service/convert.go:691.10,691.35 1 0
github.com/QuantumNous/new-api/service/convert.go:691.35,701.5 2 0
github.com/QuantumNous/new-api/service/convert.go:701.10,701.39 1 0
github.com/QuantumNous/new-api/service/convert.go:701.39,712.5 2 0
github.com/QuantumNous/new-api/service/convert.go:712.10,712.43 1 0
github.com/QuantumNous/new-api/service/convert.go:712.43,720.5 3 0
github.com/QuantumNous/new-api/service/convert.go:724.3,724.25 1 0
github.com/QuantumNous/new-api/service/convert.go:724.25,727.4 1 0
github.com/QuantumNous/new-api/service/convert.go:727.9,727.72 1 0
github.com/QuantumNous/new-api/service/convert.go:727.72,730.4 1 0
github.com/QuantumNous/new-api/service/convert.go:730.9,730.36 1 0
github.com/QuantumNous/new-api/service/convert.go:730.36,733.4 1 0
github.com/QuantumNous/new-api/service/convert.go:736.3,736.68 1 0
github.com/QuantumNous/new-api/service/convert.go:736.68,738.4 1 0
github.com/QuantumNous/new-api/service/convert.go:741.2,743.55 2 0
github.com/QuantumNous/new-api/service/convert.go:743.55,745.3 1 0
github.com/QuantumNous/new-api/service/convert.go:746.2,746.92 1 0
github.com/QuantumNous/new-api/service/convert.go:746.92,748.3 1 0
github.com/QuantumNous/new-api/service/convert.go:749.2,749.92 1 0
github.com/QuantumNous/new-api/service/convert.go:749.92,751.3 1 0
github.com/QuantumNous/new-api/service/convert.go:752.2,752.114 1 0
github.com/QuantumNous/new-api/service/convert.go:752.114,754.3 1 0
github.com/QuantumNous/new-api/service/convert.go:756.2,756.59 1 0
github.com/QuantumNous/new-api/service/convert.go:756.59,758.3 1 0
github.com/QuantumNous/new-api/service/convert.go:759.2,759.112 1 0
github.com/QuantumNous/new-api/service/convert.go:759.112,761.3 1 0
github.com/QuantumNous/new-api/service/convert.go:764.2,764.39 1 0
github.com/QuantumNous/new-api/service/convert.go:764.39,766.49 2 0
github.com/QuantumNous/new-api/service/convert.go:766.49,767.40 1 0
github.com/QuantumNous/new-api/service/convert.go:767.40,769.19 2 0
github.com/QuantumNous/new-api/service/convert.go:769.19,771.14 2 0
github.com/QuantumNous/new-api/service/convert.go:773.5,773.51 1 0
github.com/QuantumNous/new-api/service/convert.go:773.51,783.6 2 0
github.com/QuantumNous/new-api/service/convert.go:786.3,786.21 1 0
github.com/QuantumNous/new-api/service/convert.go:786.21,788.4 1 0
github.com/QuantumNous/new-api/service/convert.go:792.2,792.45 1 0
github.com/QuantumNous/new-api/service/convert.go:792.45,799.3 2 0
github.com/QuantumNous/new-api/service/convert.go:801.2,801.27 1 0
github.com/QuantumNous/new-api/service/convert.go:804.58,805.20 1 0
github.com/QuantumNous/new-api/service/convert.go:806.14,807.16 1 0
github.com/QuantumNous/new-api/service/convert.go:808.15,809.21 1 0
github.com/QuantumNous/new-api/service/convert.go:810.18,811.20 1 0
github.com/QuantumNous/new-api/service/convert.go:812.10,813.16 1 0
github.com/QuantumNous/new-api/service/convert.go:817.64,819.29 2 0
github.com/QuantumNous/new-api/service/convert.go:819.29,820.22 1 0
github.com/QuantumNous/new-api/service/convert.go:820.22,822.4 1 0
github.com/QuantumNous/new-api/service/convert.go:824.2,824.34 1 0
github.com/QuantumNous/new-api/service/convert.go:828.121,838.48 2 0
github.com/QuantumNous/new-api/service/convert.go:838.48,846.30 3 0
github.com/QuantumNous/new-api/service/convert.go:847.15,848.25 1 0
github.com/QuantumNous/new-api/service/convert.go:849.17,850.31 1 0
github.com/QuantumNous/new-api/service/convert.go:851.25,852.27 1 0
github.com/QuantumNous/new-api/service/convert.go:853.21,854.25 1 0
github.com/QuantumNous/new-api/service/convert.go:855.11,856.25 1 0
github.com/QuantumNous/new-api/service/convert.go:858.3,868.25 4 0
github.com/QuantumNous/new-api/service/convert.go:868.25,869.39 1 0
github.com/QuantumNous/new-api/service/convert.go:869.39,872.42 2 0
github.com/QuantumNous/new-api/service/convert.go:872.42,873.87 1 0
github.com/QuantumNous/new-api/service/convert.go:873.87,875.7 1 0
github.com/QuantumNous/new-api/service/convert.go:876.11,878.6 1 0
github.com/QuantumNous/new-api/service/convert.go:880.5,886.48 2 0
github.com/QuantumNous/new-api/service/convert.go:888.9,891.25 2 0
github.com/QuantumNous/new-api/service/convert.go:891.25,896.5 2 0
github.com/QuantumNous/new-api/service/convert.go:899.3,900.75 2 0
github.com/QuantumNous/new-api/service/convert.go:903.2,903.23 1 0
github.com/QuantumNous/new-api/service/convert.go:907.138,911.48 3 0
github.com/QuantumNous/new-api/service/convert.go:911.48,912.117 1 0
github.com/QuantumNous/new-api/service/convert.go:912.117,914.4 1 0
github.com/QuantumNous/new-api/service/convert.go:915.3,915.33 1 0
github.com/QuantumNous/new-api/service/convert.go:915.33,917.4 1 0
github.com/QuantumNous/new-api/service/convert.go:921.2,921.37 1 0
github.com/QuantumNous/new-api/service/convert.go:921.37,923.3 1 0
github.com/QuantumNous/new-api/service/convert.go:925.2,934.33 2 0
github.com/QuantumNous/new-api/service/convert.go:934.33,938.3 3 0
github.com/QuantumNous/new-api/service/convert.go:940.2,940.48 1 0
github.com/QuantumNous/new-api/service/convert.go:940.48,947.33 2 0
github.com/QuantumNous/new-api/service/convert.go:947.33,949.32 2 0
github.com/QuantumNous/new-api/service/convert.go:950.16,951.26 1 0
github.com/QuantumNous/new-api/service/convert.go:952.18,953.32 1 0
github.com/QuantumNous/new-api/service/convert.go:954.26,955.28 1 0
github.com/QuantumNous/new-api/service/convert.go:956.22,957.26 1 0
github.com/QuantumNous/new-api/service/convert.go:958.12,959.26 1 0
github.com/QuantumNous/new-api/service/convert.go:961.4,961.42 1 0
github.com/QuantumNous/new-api/service/convert.go:965.3,971.36 2 0
github.com/QuantumNous/new-api/service/convert.go:971.36,972.52 1 0
github.com/QuantumNous/new-api/service/convert.go:972.52,975.42 2 0
github.com/QuantumNous/new-api/service/convert.go:975.42,976.87 1 0
github.com/QuantumNous/new-api/service/convert.go:976.87,978.7 1 0
github.com/QuantumNous/new-api/service/convert.go:979.11,981.6 1 0
github.com/QuantumNous/new-api/service/convert.go:983.5,989.48 2 0
github.com/QuantumNous/new-api/service/convert.go:991.9,994.25 2 0
github.com/QuantumNous/new-api/service/convert.go:994.25,999.5 2 0
github.com/QuantumNous/new-api/service/convert.go:1002.3,1003.75 2 0
github.com/QuantumNous/new-api/service/convert.go:1006.2,1006.23 1 0
github.com/QuantumNous/new-api/service/download.go:24.66,25.36 1 0
github.com/QuantumNous/new-api/service/download.go:25.36,27.3 1 0
github.com/QuantumNous/new-api/service/download.go:28.2,28.96 1 0
github.com/QuantumNous/new-api/service/download.go:28.96,30.3 1 0
github.com/QuantumNous/new-api/service/download.go:33.2,34.300 2 0
github.com/QuantumNous/new-api/service/download.go:34.300,36.3 1 0
github.com/QuantumNous/new-api/service/download.go:38.2,39.40 2 0
github.com/QuantumNous/new-api/service/download.go:39.40,41.3 1 0
github.com/QuantumNous/new-api/service/download.go:44.2,45.16 2 0
github.com/QuantumNous/new-api/service/download.go:45.16,47.3 1 0
github.com/QuantumNous/new-api/service/download.go:49.2,49.92 1 0
github.com/QuantumNous/new-api/service/download.go:52.93,53.35 1 0
github.com/QuantumNous/new-api/service/download.go:53.35,60.3 3 0
github.com/QuantumNous/new-api/service/download.go:60.8,63.303 2 0
github.com/QuantumNous/new-api/service/download.go:63.303,65.4 1 0
github.com/QuantumNous/new-api/service/download.go:67.3,68.40 2 0
github.com/QuantumNous/new-api/service/enterprise_channel.go:10.107,12.12 2 0
github.com/QuantumNous/new-api/service/enterprise_channel.go:12.12,14.3 1 0
github.com/QuantumNous/new-api/service/enterprise_channel.go:15.2,15.46 1 0
github.com/QuantumNous/new-api/service/enterprise_channel.go:15.46,17.3 1 0
github.com/QuantumNous/new-api/service/enterprise_channel.go:18.2,19.32 2 0
github.com/QuantumNous/new-api/service/enterprise_channel.go:19.32,21.3 1 0
github.com/QuantumNous/new-api/service/enterprise_channel.go:22.2,23.23 2 0
github.com/QuantumNous/new-api/service/enterprise_pricing.go:9.49,11.2 1 0
github.com/QuantumNous/new-api/service/enterprise_pricing.go:15.83,17.12 2 0
github.com/QuantumNous/new-api/service/enterprise_pricing.go:17.12,19.3 1 0
github.com/QuantumNous/new-api/service/enterprise_pricing.go:22.2,22.46 1 0
github.com/QuantumNous/new-api/service/enterprise_pricing.go:22.46,24.3 1 0
github.com/QuantumNous/new-api/service/enterprise_pricing.go:27.2,28.16 2 0
github.com/QuantumNous/new-api/service/enterprise_pricing.go:28.16,30.3 1 0
github.com/QuantumNous/new-api/service/enterprise_pricing.go:31.2,31.19 1 0
github.com/QuantumNous/new-api/service/enterprise_pricing.go:35.80,37.2 1 0
github.com/QuantumNous/new-api/service/enterprise_pricing.go:41.70,43.31 2 0
github.com/QuantumNous/new-api/service/enterprise_pricing.go:43.31,45.3 1 0
github.com/QuantumNous/new-api/service/enterprise_pricing.go:46.2,46.33 1 0
github.com/QuantumNous/new-api/service/enterprise_pricing.go:50.79,52.31 2 0
github.com/QuantumNous/new-api/service/enterprise_pricing.go:52.31,54.3 1 0
github.com/QuantumNous/new-api/service/enterprise_pricing.go:55.2,55.32 1 0
github.com/QuantumNous/new-api/service/epay.go:8.34,9.51 1 0
github.com/QuantumNous/new-api/service/epay.go:9.51,11.3 1 0
github.com/QuantumNous/new-api/service/epay.go:12.2,12.48 1 0
github.com/QuantumNous/new-api/service/error.go:20.76,25.2 1 0
github.com/QuantumNous/new-api/service/error.go:27.120,32.2 1 0
github.com/QuantumNous/new-api/service/error.go:61.96,64.63 3 0
github.com/QuantumNous/new-api/service/error.go:64.63,65.120 1 0
github.com/QuantumNous/new-api/service/error.go:65.120,68.4 2 0
github.com/QuantumNous/new-api/service/error.go:70.2,77.3 2 0
github.com/QuantumNous/new-api/service/error.go:80.101,84.2 3 0
github.com/QuantumNous/new-api/service/error.go:86.120,90.16 3 0
github.com/QuantumNous/new-api/service/error.go:90.16,92.3 1 0
github.com/QuantumNous/new-api/service/error.go:93.2,95.49 3 0
github.com/QuantumNous/new-api/service/error.go:95.49,96.20 1 0
github.com/QuantumNous/new-api/service/error.go:96.20,98.4 1 0
github.com/QuantumNous/new-api/service/error.go:99.3,99.122 1 0
github.com/QuantumNous/new-api/service/error.go:102.2,103.16 2 0
github.com/QuantumNous/new-api/service/error.go:103.16,104.23 1 0
github.com/QuantumNous/new-api/service/error.go:104.23,106.4 1 0
github.com/QuantumNous/new-api/service/error.go:106.9,109.4 2 0
github.com/QuantumNous/new-api/service/error.go:110.3,110.9 1 0
github.com/QuantumNous/new-api/service/error.go:113.2,113.55 1 0
github.com/QuantumNous/new-api/service/error.go:113.55,116.22 2 0
github.com/QuantumNous/new-api/service/error.go:116.22,118.24 2 0
github.com/QuantumNous/new-api/service/error.go:118.24,120.5 1 0
github.com/QuantumNous/new-api/service/error.go:121.4,121.10 1 0
github.com/QuantumNous/new-api/service/error.go:124.2,125.22 2 0
github.com/QuantumNous/new-api/service/error.go:125.22,127.3 1 0
github.com/QuantumNous/new-api/service/error.go:128.2,128.8 1 0
github.com/QuantumNous/new-api/service/error.go:131.81,132.22 1 0
github.com/QuantumNous/new-api/service/error.go:132.22,134.3 1 0
github.com/QuantumNous/new-api/service/error.go:135.2,135.64 1 0
github.com/QuantumNous/new-api/service/error.go:135.64,137.3 1 0
github.com/QuantumNous/new-api/service/error.go:138.2,140.16 3 0
github.com/QuantumNous/new-api/service/error.go:140.16,142.3 1 0
github.com/QuantumNous/new-api/service/error.go:143.2,143.43 1 0
github.com/QuantumNous/new-api/service/error.go:143.43,145.3 1 0
github.com/QuantumNous/new-api/service/error.go:146.2,147.49 2 0
github.com/QuantumNous/new-api/service/error.go:147.49,149.10 2 0
github.com/QuantumNous/new-api/service/error.go:149.10,151.4 1 0
github.com/QuantumNous/new-api/service/error.go:152.3,152.33 1 0
github.com/QuantumNous/new-api/service/error.go:156.57,157.27 1 0
github.com/QuantumNous/new-api/service/error.go:158.14,159.14 1 0
github.com/QuantumNous/new-api/service/error.go:159.14,161.4 1 0
github.com/QuantumNous/new-api/service/error.go:162.3,163.17 2 0
github.com/QuantumNous/new-api/service/error.go:163.17,165.4 1 0
github.com/QuantumNous/new-api/service/error.go:166.3,166.26 1 0
github.com/QuantumNous/new-api/service/error.go:167.15,168.25 1 0
github.com/QuantumNous/new-api/service/error.go:168.25,170.4 1 0
github.com/QuantumNous/new-api/service/error.go:171.3,171.22 1 0
github.com/QuantumNous/new-api/service/error.go:172.11,173.17 1 0
github.com/QuantumNous/new-api/service/error.go:174.19,176.17 2 0
github.com/QuantumNous/new-api/service/error.go:176.17,178.4 1 0
github.com/QuantumNous/new-api/service/error.go:179.3,179.26 1 0
github.com/QuantumNous/new-api/service/error.go:180.10,181.18 1 0
github.com/QuantumNous/new-api/service/error.go:185.83,189.2 3 0
github.com/QuantumNous/new-api/service/error.go:191.78,194.119 3 0
github.com/QuantumNous/new-api/service/error.go:194.119,198.3 2 0
github.com/QuantumNous/new-api/service/error.go:200.2,207.18 2 0
github.com/QuantumNous/new-api/service/error.go:211.70,212.19 1 0
github.com/QuantumNous/new-api/service/error.go:212.19,214.3 1 0
github.com/QuantumNous/new-api/service/error.go:215.2,220.3 1 0
github.com/QuantumNous/new-api/service/file_decoder.go:23.87,25.16 2 0
github.com/QuantumNous/new-api/service/file_decoder.go:25.16,28.3 2 0
github.com/QuantumNous/new-api/service/file_decoder.go:29.2,31.32 2 0
github.com/QuantumNous/new-api/service/file_decoder.go:31.32,34.3 2 0
github.com/QuantumNous/new-api/service/file_decoder.go:36.2,36.92 1 0
github.com/QuantumNous/new-api/service/file_decoder.go:36.92,37.51 1 0
github.com/QuantumNous/new-api/service/file_decoder.go:37.51,39.4 1 0
github.com/QuantumNous/new-api/service/file_decoder.go:40.3,40.47 1 0
github.com/QuantumNous/new-api/service/file_decoder.go:40.47,42.4 1 0
github.com/QuantumNous/new-api/service/file_decoder.go:45.2,45.64 1 0
github.com/QuantumNous/new-api/service/file_decoder.go:45.64,47.30 2 0
github.com/QuantumNous/new-api/service/file_decoder.go:47.30,49.61 2 0
github.com/QuantumNous/new-api/service/file_decoder.go:49.61,51.68 2 0
github.com/QuantumNous/new-api/service/file_decoder.go:51.68,53.6 1 0
github.com/QuantumNous/new-api/service/file_decoder.go:54.5,54.76 1 0
github.com/QuantumNous/new-api/service/file_decoder.go:54.76,56.19 2 0
github.com/QuantumNous/new-api/service/file_decoder.go:56.19,58.43 2 0
github.com/QuantumNous/new-api/service/file_decoder.go:58.43,60.8 1 0
github.com/QuantumNous/new-api/service/file_decoder.go:63.5,63.10 1 0
github.com/QuantumNous/new-api/service/file_decoder.go:68.2,69.50 2 0
github.com/QuantumNous/new-api/service/file_decoder.go:69.50,71.3 1 0
github.com/QuantumNous/new-api/service/file_decoder.go:72.2,72.91 1 0
github.com/QuantumNous/new-api/service/file_decoder.go:72.91,74.74 2 0
github.com/QuantumNous/new-api/service/file_decoder.go:74.74,76.17 2 0
github.com/QuantumNous/new-api/service/file_decoder.go:76.17,78.41 2 0
github.com/QuantumNous/new-api/service/file_decoder.go:78.41,80.6 1 0
github.com/QuantumNous/new-api/service/file_decoder.go:85.2,87.31 3 0
github.com/QuantumNous/new-api/service/file_decoder.go:87.31,89.28 2 0
[...]
github.com/QuantumNous/new-api/service/tokenizer.go:57.65,58.16 1 0
github.com/QuantumNous/new-api/service/tokenizer.go:58.16,60.3 1 0
github.com/QuantumNous/new-api/service/tokenizer.go:61.2,62.12 2 0
github.com/QuantumNous/new-api/service/tool_billing.go:39.83,43.46 3 0
github.com/QuantumNous/new-api/service/tool_billing.go:43.46,44.17 1 0
github.com/QuantumNous/new-api/service/tool_billing.go:44.17,46.4 1 0
github.com/QuantumNous/new-api/service/tool_billing.go:47.3,48.22 2 0
github.com/QuantumNous/new-api/service/tool_billing.go:48.22,50.4 1 0
github.com/QuantumNous/new-api/service/tool_billing.go:51.3,60.22 4 0
github.com/QuantumNous/new-api/service/tool_billing.go:63.2,63.63 1 0
github.com/QuantumNous/new-api/service/tool_billing.go:63.63,65.3 1 0
github.com/QuantumNous/new-api/service/tool_billing.go:67.2,67.31 1 0
github.com/QuantumNous/new-api/service/tool_billing.go:67.31,69.3 1 0
github.com/QuantumNous/new-api/service/tool_billing.go:71.2,71.31 1 0
github.com/QuantumNous/new-api/service/tool_billing.go:71.31,82.3 4 0
github.com/QuantumNous/new-api/service/tool_billing.go:84.2,87.3 1 0
github.com/QuantumNous/new-api/service/usage_helpr.go:22.108,29.2 6 0
github.com/QuantumNous/new-api/service/usage_helpr.go:31.40,33.2 1 0
github.com/QuantumNous/new-api/service/user_notify.go:17.63,20.16 3 0
github.com/QuantumNous/new-api/service/user_notify.go:20.16,22.3 1 0
github.com/QuantumNous/new-api/service/user_notify.go:25.72,30.34 2 0
github.com/QuantumNous/new-api/service/user_notify.go:30.34,33.3 2 0
github.com/QuantumNous/new-api/service/user_notify.go:35.2,37.29 3 0
github.com/QuantumNous/new-api/service/user_notify.go:37.29,39.52 2 0
github.com/QuantumNous/new-api/service/user_notify.go:39.52,40.12 1 0
github.com/QuantumNous/new-api/service/user_notify.go:42.3,42.84 1 0
github.com/QuantumNous/new-api/service/user_notify.go:42.84,44.12 2 0
github.com/QuantumNous/new-api/service/user_notify.go:46.3,46.14 1 0
github.com/QuantumNous/new-api/service/user_notify.go:48.2,48.87 1 0
github.com/QuantumNous/new-api/service/user_notify.go:51.99,53.22 2 0
github.com/QuantumNous/new-api/service/user_notify.go:53.22,55.3 1 0
github.com/QuantumNous/new-api/service/user_notify.go:58.2,59.16 2 0
github.com/QuantumNous/new-api/service/user_notify.go:59.16,62.3 2 0
github.com/QuantumNous/new-api/service/user_notify.go:63.2,63.14 1 0
github.com/QuantumNous/new-api/service/user_notify.go:63.14,65.3 1 0
github.com/QuantumNous/new-api/service/user_notify.go:67.2,67.20 1 0
github.com/QuantumNous/new-api/service/user_notify.go:68.27,71.23 2 0
github.com/QuantumNous/new-api/service/user_notify.go:71.23,73.4 1 0
github.com/QuantumNous/new-api/service/user_notify.go:74.3,74.23 1 0
github.com/QuantumNous/new-api/service/user_notify.go:74.23,77.4 2 0
github.com/QuantumNous/new-api/service/user_notify.go:78.3,78.43 1 0
github.com/QuantumNous/new-api/service/user_notify.go:79.29,81.26 2 0
github.com/QuantumNous/new-api/service/user_notify.go:81.26,84.4 2 0
github.com/QuantumNous/new-api/service/user_notify.go:87.3,88.63 2 0
github.com/QuantumNous/new-api/service/user_notify.go:89.26,91.20 2 0
github.com/QuantumNous/new-api/service/user_notify.go:91.20,94.4 2 0
github.com/QuantumNous/new-api/service/user_notify.go:95.3,95.39 1 0
github.com/QuantumNous/new-api/service/user_notify.go:96.28,99.43 3 0
github.com/QuantumNous/new-api/service/user_notify.go:99.43,102.4 2 0
github.com/QuantumNous/new-api/service/user_notify.go:103.3,103.84 1 0
github.com/QuantumNous/new-api/service/user_notify.go:105.2,105.12 1 0
github.com/QuantumNous/new-api/service/user_notify.go:108.63,112.36 2 0
github.com/QuantumNous/new-api/service/user_notify.go:112.36,114.3 1 0
github.com/QuantumNous/new-api/service/user_notify.go:115.2,115.57 1 0
github.com/QuantumNous/new-api/service/user_notify.go:118.60,121.36 2 0
github.com/QuantumNous/new-api/service/user_notify.go:121.36,123.3 1 0
github.com/QuantumNous/new-api/service/user_notify.go:126.2,134.35 6 0
github.com/QuantumNous/new-api/service/user_notify.go:134.35,146.17 3 0
github.com/QuantumNous/new-api/service/user_notify.go:146.17,148.4 1 0
github.com/QuantumNous/new-api/service/user_notify.go:149.3,152.54 2 0
github.com/QuantumNous/new-api/service/user_notify.go:152.54,154.4 1 0
github.com/QuantumNous/new-api/service/user_notify.go:155.8,158.302 2 0
github.com/QuantumNous/new-api/service/user_notify.go:158.302,160.4 1 0
github.com/QuantumNous/new-api/service/user_notify.go:163.3,164.17 2 0
github.com/QuantumNous/new-api/service/user_notify.go:164.17,166.4 1 0
github.com/QuantumNous/new-api/service/user_notify.go:169.3,174.17 4 0
github.com/QuantumNous/new-api/service/user_notify.go:174.17,176.4 1 0
github.com/QuantumNous/new-api/service/user_notify.go:177.3,180.54 2 0
github.com/QuantumNous/new-api/service/user_notify.go:180.54,182.4 1 0
github.com/QuantumNous/new-api/service/user_notify.go:185.2,185.12 1 0
github.com/QuantumNous/new-api/service/user_notify.go:188.98,191.36 2 0
github.com/QuantumNous/new-api/service/user_notify.go:191.36,193.3 1 0
github.com/QuantumNous/new-api/service/user_notify.go:197.2,200.35 2 0
github.com/QuantumNous/new-api/service/user_notify.go:200.35,202.3 1 0
github.com/QuantumNous/new-api/service/user_notify.go:205.2,219.16 4 0
github.com/QuantumNous/new-api/service/user_notify.go:219.16,221.3 1 0
github.com/QuantumNous/new-api/service/user_notify.go:223.2,226.35 3 0
github.com/QuantumNous/new-api/service/user_notify.go:226.35,240.17 3 0
github.com/QuantumNous/new-api/service/user_notify.go:240.17,242.4 1 0
github.com/QuantumNous/new-api/service/user_notify.go:243.3,246.54 2 0
github.com/QuantumNous/new-api/service/user_notify.go:246.54,248.4 1 0
github.com/QuantumNous/new-api/service/user_notify.go:249.8,252.302 2 0
github.com/QuantumNous/new-api/service/user_notify.go:252.302,254.4 1 0
github.com/QuantumNous/new-api/service/user_notify.go:257.3,258.17 2 0
github.com/QuantumNous/new-api/service/user_notify.go:258.17,260.4 1 0
github.com/QuantumNous/new-api/service/user_notify.go:263.3,269.17 5 0
github.com/QuantumNous/new-api/service/user_notify.go:269.17,271.4 1 0
github.com/QuantumNous/new-api/service/user_notify.go:272.3,275.54 2 0
github.com/QuantumNous/new-api/service/user_notify.go:275.54,277.4 1 0
github.com/QuantumNous/new-api/service/user_notify.go:280.2,280.12 1 0
github.com/QuantumNous/new-api/service/violation_fee.go:26.52,28.2 1 0
github.com/QuantumNous/new-api/service/violation_fee.go:30.58,31.16 1 0
github.com/QuantumNous/new-api/service/violation_fee.go:31.16,33.3 1 0
github.com/QuantumNous/new-api/service/violation_fee.go:34.2,34.117 1 0
github.com/QuantumNous/new-api/service/violation_fee.go:34.117,36.3 1 0
github.com/QuantumNous/new-api/service/violation_fee.go:37.2,38.112 2 0
github.com/QuantumNous/new-api/service/violation_fee.go:41.76,42.16 1 0
github.com/QuantumNous/new-api/service/violation_fee.go:42.16,44.3 1 0
github.com/QuantumNous/new-api/service/violation_fee.go:45.2,48.83 4 0
github.com/QuantumNous/new-api/service/violation_fee.go:56.76,57.16 1 0
github.com/QuantumNous/new-api/service/violation_fee.go:57.16,59.3 1 0
github.com/QuantumNous/new-api/service/violation_fee.go:61.2,61.33 1 0
github.com/QuantumNous/new-api/service/violation_fee.go:61.33,63.3 1 0
github.com/QuantumNous/new-api/service/violation_fee.go:65.2,65.44 1 0
github.com/QuantumNous/new-api/service/violation_fee.go:65.44,68.3 2 0
github.com/QuantumNous/new-api/service/violation_fee.go:70.2,70.12 1 0
github.com/QuantumNous/new-api/service/violation_fee.go:73.60,74.16 1 0
github.com/QuantumNous/new-api/service/violation_fee.go:74.16,76.3 1 0
github.com/QuantumNous/new-api/service/violation_fee.go:77.2,77.63 1 0
github.com/QuantumNous/new-api/service/violation_fee.go:77.63,79.3 1 0
github.com/QuantumNous/new-api/service/violation_fee.go:81.2,81.36 1 0
github.com/QuantumNous/new-api/service/violation_fee.go:84.60,85.17 1 0
github.com/QuantumNous/new-api/service/violation_fee.go:85.17,87.3 1 0
github.com/QuantumNous/new-api/service/violation_fee.go:88.2,88.21 1 0
github.com/QuantumNous/new-api/service/violation_fee.go:88.21,90.3 1 0
github.com/QuantumNous/new-api/service/violation_fee.go:91.2,96.16 2 0
github.com/QuantumNous/new-api/service/violation_fee.go:96.16,98.3 1 0
github.com/QuantumNous/new-api/service/violation_fee.go:99.2,99.19 1 0
github.com/QuantumNous/new-api/service/violation_fee.go:104.117,105.53 1 0
github.com/QuantumNous/new-api/service/violation_fee.go:105.53,107.3 1 0
github.com/QuantumNous/new-api/service/violation_fee.go:111.2,111.39 1 0
github.com/QuantumNous/new-api/service/violation_fee.go:111.39,113.3 1 0
github.com/QuantumNous/new-api/service/violation_fee.go:115.2,116.60 2 0
github.com/QuantumNous/new-api/service/violation_fee.go:116.60,118.3 1 0
github.com/QuantumNous/new-api/service/violation_fee.go:120.2,122.19 3 0
github.com/QuantumNous/new-api/service/violation_fee.go:122.19,124.3 1 0
github.com/QuantumNous/new-api/service/violation_fee.go:126.2,126.71 1 0
github.com/QuantumNous/new-api/service/violation_fee.go:126.71,129.3 2 0
github.com/QuantumNous/new-api/service/violation_fee.go:131.2,163.13 8 0
github.com/QuantumNous/new-api/service/waffo_pancake.go:86.65,87.14 1 0
github.com/QuantumNous/new-api/service/waffo_pancake.go:87.14,89.3 1 0
github.com/QuantumNous/new-api/service/waffo_pancake.go:90.2,90.20 1 0
github.com/QuantumNous/new-api/service/waffo_pancake.go:93.140,94.19 1 0
github.com/QuantumNous/new-api/service/waffo_pancake.go:94.19,96.3 1 0
github.com/QuantumNous/new-api/service/waffo_pancake.go:98.2,99.16 2 0
github.com/QuantumNous/new-api/service/waffo_pancake.go:99.16,101.3 1 0
github.com/QuantumNous/new-api/service/waffo_pancake.go:103.2,104.16 2 0
github.com/QuantumNous/new-api/service/waffo_pancake.go:104.16,106.3 1 0
github.com/QuantumNous/new-api/service/waffo_pancake.go:108.2,110.16 3 0
github.com/QuantumNous/new-api/service/waffo_pancake.go:110.16,112.3 1 0
github.com/QuantumNous/new-api/service/waffo_pancake.go:114.2,115.16 2 0
github.com/QuantumNous/new-api/service/waffo_pancake.go:115.16,117.3 1 0
github.com/QuantumNous/new-api/service/waffo_pancake.go:118.2,122.33 5 0
github.com/QuantumNous/new-api/service/waffo_pancake.go:122.33,124.3 1 0
github.com/QuantumNous/new-api/service/waffo_pancake.go:124.8,126.3 1 0
github.com/QuantumNous/new-api/service/waffo_pancake.go:128.2,129.16 2 0
github.com/QuantumNous/new-api/service/waffo_pancake.go:129.16,131.3 1 0
github.com/QuantumNous/new-api/service/waffo_pancake.go:132.2,135.16 3 0
github.com/QuantumNous/new-api/service/waffo_pancake.go:135.16,137.3 1 0
github.com/QuantumNous/new-api/service/waffo_pancake.go:139.2,140.64 2 0
github.com/QuantumNous/new-api/service/waffo_pancake.go:140.64,142.3 1 0
github.com/QuantumNous/new-api/service/waffo_pancake.go:143.2,143.46 1 0
github.com/QuantumNous/new-api/service/waffo_pancake.go:143.46,144.29 1 0
github.com/QuantumNous/new-api/service/waffo_pancake.go:144.29,146.4 1 0
github.com/QuantumNous/new-api/service/waffo_pancake.go:147.3,147.98 1 0
github.com/QuantumNous/new-api/service/waffo_pancake.go:149.2,149.28 1 0
github.com/QuantumNous/new-api/service/waffo_pancake.go:149.28,151.3 1 0
github.com/QuantumNous/new-api/service/waffo_pancake.go:152.2,152.107 1 0
github.com/QuantumNous/new-api/service/waffo_pancake.go:152.107,154.3 1 0
github.com/QuantumNous/new-api/service/waffo_pancake.go:155.2,155.25 1 0
github.com/QuantumNous/new-api/service/waffo_pancake.go:158.117,161.2 2 0
github.com/QuantumNous/new-api/service/waffo_pancake.go:163.82,164.18 1 0
github.com/QuantumNous/new-api/service/waffo_pancake.go:164.18,166.3 1 0
github.com/QuantumNous/new-api/service/waffo_pancake.go:168.2,168.69 1 0
github.com/QuantumNous/new-api/service/waffo_pancake.go:168.69,170.77 2 0
github.com/QuantumNous/new-api/service/waffo_pancake.go:170.77,172.4 1 0
github.com/QuantumNous/new-api/service/waffo_pancake.go:173.3,173.89 1 0
github.com/QuantumNous/new-api/service/waffo_pancake.go:176.2,176.50 1 0
github.com/QuantumNous/new-api/service/waffo_pancake.go:179.57,181.2 1 0
github.com/QuantumNous/new-api/service/waffo_pancake.go:183.56,185.2 1 0
github.com/QuantumNous/new-api/service/waffo_pancake.go:187.86,188.34 1 0
github.com/QuantumNous/new-api/service/waffo_pancake.go:188.34,190.3 1 0
github.com/QuantumNous/new-api/service/waffo_pancake.go:192.2,193.44 2 0
github.com/QuantumNous/new-api/service/waffo_pancake.go:193.44,195.19 2 0
github.com/QuantumNous/new-api/service/waffo_pancake.go:195.19,197.4 1 0
github.com/QuantumNous/new-api/service/waffo_pancake.go:198.3,198.48 1 0
github.com/QuantumNous/new-api/service/waffo_pancake.go:201.2,202.16 2 0
github.com/QuantumNous/new-api/service/waffo_pancake.go:202.16,204.3 1 0
github.com/QuantumNous/new-api/service/waffo_pancake.go:206.2,207.32 2 0
github.com/QuantumNous/new-api/service/waffo_pancake.go:207.32,208.59 1 0
github.com/QuantumNous/new-api/service/waffo_pancake.go:208.59,209.60 1 0
github.com/QuantumNous/new-api/service/waffo_pancake.go:209.60,211.5 1 0
github.com/QuantumNous/new-api/service/waffo_pancake.go:211.10,213.5 1 0
github.com/QuantumNous/new-api/service/waffo_pancake.go:215.8,216.57 1 0
github.com/QuantumNous/new-api/service/waffo_pancake.go:216.57,217.59 1 0
github.com/QuantumNous/new-api/service/waffo_pancake.go:217.59,219.5 1 0
github.com/QuantumNous/new-api/service/waffo_pancake.go:219.10,221.5 1 0
github.com/QuantumNous/new-api/service/waffo_pancake.go:225.2,225.79 1 0
github.com/QuantumNous/new-api/service/waffo_pancake.go:228.127,230.18 2 0
github.com/QuantumNous/new-api/service/waffo_pancake.go:230.18,232.3 1 0
github.com/QuantumNous/new-api/service/waffo_pancake.go:234.2,235.20 2 0
github.com/QuantumNous/new-api/service/waffo_pancake.go:236.21,238.17 2 0
github.com/QuantumNous/new-api/service/waffo_pancake.go:238.17,240.4 1 0
github.com/QuantumNous/new-api/service/waffo_pancake.go:241.3,242.10 2 0
github.com/QuantumNous/new-api/service/waffo_pancake.go:242.10,244.4 1 0
github.com/QuantumNous/new-api/service/waffo_pancake.go:245.3,245.22 1 0
github.com/QuantumNous/new-api/service/waffo_pancake.go:246.25,248.17 2 0
github.com/QuantumNous/new-api/service/waffo_pancake.go:248.17,250.4 1 0
github.com/QuantumNous/new-api/service/waffo_pancake.go:251.3,251.19 1 0
github.com/QuantumNous/new-api/service/waffo_pancake.go:252.10,253.72 1 0
github.com/QuantumNous/new-api/service/waffo_pancake.go:256.2,259.16 4 0
github.com/QuantumNous/new-api/service/waffo_pancake.go:259.16,261.3 1 0
github.com/QuantumNous/new-api/service/waffo_pancake.go:262.2,262.58 1 0
github.com/QuantumNous/new-api/service/waffo_pancake.go:265.106,274.2 2 0
github.com/QuantumNous/new-api/service/waffo_pancake.go:276.127,277.27 1 0
github.com/QuantumNous/new-api/service/waffo_pancake.go:277.27,279.3 1 0
github.com/QuantumNous/new-api/service/waffo_pancake.go:281.2,282.48 2 0
github.com/QuantumNous/new-api/service/waffo_pancake.go:282.48,284.3 1 0
github.com/QuantumNous/new-api/service/waffo_pancake.go:286.2,287.16 2 0
github.com/QuantumNous/new-api/service/waffo_pancake.go:287.16,289.3 1 0
github.com/QuantumNous/new-api/service/waffo_pancake.go:290.2,290.114 1 0
github.com/QuantumNous/new-api/service/waffo_pancake.go:290.114,292.3 1 0
github.com/QuantumNous/new-api/service/waffo_pancake.go:294.2,295.138 2 0
github.com/QuantumNous/new-api/service/waffo_pancake.go:295.138,297.3 1 0
github.com/QuantumNous/new-api/service/waffo_pancake.go:299.2,300.66 2 0
github.com/QuantumNous/new-api/service/waffo_pancake.go:300.66,302.3 1 0
github.com/QuantumNous/new-api/service/waffo_pancake.go:303.2,303.20 1 0
github.com/QuantumNous/new-api/service/waffo_pancake.go:306.71,309.50 3 0
github.com/QuantumNous/new-api/service/waffo_pancake.go:309.50,311.13 2 0
github.com/QuantumNous/new-api/service/waffo_pancake.go:311.13,312.12 1 0
github.com/QuantumNous/new-api/service/waffo_pancake.go:314.3,314.14 1 0
github.com/QuantumNous/new-api/service/waffo_pancake.go:315.12,316.25 1 0
github.com/QuantumNous/new-api/service/waffo_pancake.go:317.13,318.25 1 0
github.com/QuantumNous/new-api/service/waffo_pancake.go:321.2,321.37 1 0
github.com/QuantumNous/new-api/service/waffo_pancake.go:324.67,328.69 2 0
github.com/QuantumNous/new-api/service/waffo_pancake.go:328.69,329.34 1 0
github.com/QuantumNous/new-api/service/waffo_pancake.go:329.34,331.4 1 0
github.com/QuantumNous/new-api/service/waffo_pancake.go:332.3,332.16 1 0
github.com/QuantumNous/new-api/service/waffo_pancake.go:335.2,335.59 1 0
github.com/QuantumNous/new-api/service/waffo_pancake.go:336.14,337.16 1 0
github.com/QuantumNous/new-api/service/waffo_pancake.go:338.14,339.16 1 0
github.com/QuantumNous/new-api/service/waffo_pancake.go:340.10,341.34 1 0
github.com/QuantumNous/new-api/service/waffo_pancake.go:341.34,343.4 1 0
github.com/QuantumNous/new-api/service/waffo_pancake.go:344.3,344.16 1 0
github.com/QuantumNous/new-api/service/waffo_pancake.go:348.69,349.27 1 0
github.com/QuantumNous/new-api/service/waffo_pancake.go:349.27,351.3 1 0
github.com/QuantumNous/new-api/service/waffo_pancake.go:352.2,352.62 1 0
github.com/QuantumNous/new-api/service/waffo_pancake.go:355.111,357.16 2 0
github.com/QuantumNous/new-api/service/waffo_pancake.go:357.16,359.3 1 0
github.com/QuantumNous/new-api/service/waffo_pancake.go:361.2,362.18 2 0
github.com/QuantumNous/new-api/service/waffo_pancake.go:362.18,364.3 1 0
github.com/QuantumNous/new-api/service/waffo_pancake.go:366.2,367.20 2 0
github.com/QuantumNous/new-api/service/waffo_pancake.go:368.20,370.17 2 0
github.com/QuantumNous/new-api/service/waffo_pancake.go:370.17,372.4 1 0
github.com/QuantumNous/new-api/service/waffo_pancake.go:373.3,374.10 2 0
github.com/QuantumNous/new-api/service/waffo_pancake.go:374.10,376.4 1 0
github.com/QuantumNous/new-api/service/waffo_pancake.go:377.3,377.21 1 0
github.com/QuantumNous/new-api/service/waffo_pancake.go:378.24,380.17 2 0
github.com/QuantumNous/new-api/service/waffo_pancake.go:380.17,382.4 1 0
github.com/QuantumNous/new-api/service/waffo_pancake.go:383.3,383.18 1 0
github.com/QuantumNous/new-api/service/waffo_pancake.go:384.10,385.67 1 0
github.com/QuantumNous/new-api/service/waffo_pancake.go:388.2,389.16 2 0
github.com/QuantumNous/new-api/service/waffo_pancake.go:389.16,391.3 1 0
github.com/QuantumNous/new-api/service/waffo_pancake.go:393.2,394.91 2 0
github.com/QuantumNous/new-api/service/waffo_pancake.go:394.91,396.3 1 0
github.com/QuantumNous/new-api/service/waffo_pancake.go:397.2,397.12 1 0
github.com/QuantumNous/new-api/service/webhook.go:28.62,32.2 3 0
github.com/QuantumNous/new-api/service/webhook.go:35.81,38.36 2 0
github.com/QuantumNous/new-api/service/webhook.go:38.36,40.3 1 0
github.com/QuantumNous/new-api/service/webhook.go:43.2,53.16 3 0
github.com/QuantumNous/new-api/service/webhook.go:53.16,55.3 1 0
github.com/QuantumNous/new-api/service/webhook.go:58.2,61.35 3 0
github.com/QuantumNous/new-api/service/webhook.go:61.35,74.19 2 0
github.com/QuantumNous/new-api/service/webhook.go:74.19,78.4 3 0
github.com/QuantumNous/new-api/service/webhook.go:80.3,81.17 2 0
github.com/QuantumNous/new-api/service/webhook.go:81.17,83.4 1 0
github.com/QuantumNous/new-api/service/webhook.go:84.3,87.54 2 0
github.com/QuantumNous/new-api/service/webhook.go:87.54,89.4 1 0
github.com/QuantumNous/new-api/service/webhook.go:90.8,93.304 2 0
github.com/QuantumNous/new-api/service/webhook.go:93.304,95.4 1 0
github.com/QuantumNous/new-api/service/webhook.go:97.3,98.17 2 0
github.com/QuantumNous/new-api/service/webhook.go:98.17,100.4 1 0
github.com/QuantumNous/new-api/service/webhook.go:103.3,106.19 2 0
github.com/QuantumNous/new-api/service/webhook.go:106.19,109.4 2 0
github.com/QuantumNous/new-api/service/webhook.go:112.3,114.17 3 0
github.com/QuantumNous/new-api/service/webhook.go:114.17,116.4 1 0
github.com/QuantumNous/new-api/service/webhook.go:117.3,120.54 2 0
github.com/QuantumNous/new-api/service/webhook.go:120.54,122.4 1 0
github.com/QuantumNous/new-api/service/webhook.go:125.2,125.12 1 0
